#
# A fatal error has been detected by the Java Runtime Environment:
#
#  EXCEPTION_ACCESS_VIOLATION (0xc0000005) at pc=0x00007fff570c1049, pid=4860, tid=8204
#
# JRE version: OpenJDK Runtime Environment (11.0.2+9) (build 11.0.2+9)
# Java VM: OpenJDK 64-Bit Server VM (11.0.2+9, mixed mode, tiered, compressed oops, g1 gc, windows-amd64)
# Problematic frame:
# C  0x00007fff570c1049
#
# No core dump will be written. Minidumps are not enabled by default on client versions of Windows
#
# If you would like to submit a bug report, please visit:
#   http://bugreport.java.com/bugreport/crash.jsp
# The crash happened outside the Java Virtual Machine in native code.
# See problematic frame for where to report the bug.
#

---------------  S U M M A R Y ------------

Command Line: -Dsun.java2d.pmoffscreen=false -Dhttps.protocols=TLSv1,TLSv1.1,TLSv1.2 -Dsun.java2d.xrender=false -Dsun.java2d.d3d=false -Dsun.awt.nopixfmt=true -Dsun.java2d.dpiaware=true -Dsun.java2d.uiScale.enabled=false -Xverify:none -Dswing.aatext=true -XX:-UsePerfData -Djdk.map.althashing.threshold=512 -XX:StringTableSize=4072 --add-opens=java.base/java.nio=ALL-UNNAMED --add-opens=java.desktop/sun.swing=ALL-UNNAMED --add-opens=java.desktop/javax.swing=ALL-UNNAMED --add-opens=java.desktop/javax.swing.tree=ALL-UNNAMED --add-opens=java.desktop/javax.swing.plaf.basic=ALL-UNNAMED --add-opens=java.desktop/javax.swing.plaf.synth=ALL-UNNAMED --add-opens=java.desktop/com.sun.awt=ALL-UNNAMED -XX:NewSize=60m -XX:MaxNewSize=60m -Xms128m -Xmx3072m -Xss5m 

Host: AMD Ryzen 5 3550H with Radeon Vega Mobile Gfx  , 8 cores, 7G,  Windows 10 , 64 bit Build 19041 (10.0.19041.928)
Time: Mon May 17 22:05:53 2021 India Standard Time elapsed time: 4659 seconds (0d 1h 17m 39s)

---------------  T H R E A D  ---------------

Current thread (0x0000024589bcd800):  JavaThread "AWT-EventQueue-0" [_thread_in_native, id=8204, stack(0x000000d721500000,0x000000d721a00000)]

Stack: [0x000000d721500000,0x000000d721a00000],  sp=0x000000d7219f3d00,  free space=5071k
Native frames: (J=compiled Java code, j=interpreted, Vv=VM code, C=native code)
C  0x00007fff570c1049
C  0x00007fff570d2487
C  0x00007fff570d37c2
C  0x00007fff570ba485
C  0x00007fff5e9784b4
C  0x00007fff5e998e72
C  0x00007fff5ea334f5
C  0x00007fff5ea33419
C  0x00007fff5ea64ce1
C  0x00007fff5ea62426
C  0x00007fff5eabe2c1
C  0x00007fff5eac03b3
C  0x00007fff5ea9936d
C  0x00007fff5ea993d8
C  0x00007fff5ea99481
C  0x00007fff5eabf59c
C  0x00007fff5ea906e5
C  0x00007fff5ea90375
C  0x00007fff5eacd00f
C  0x000002459233f0b7

Java frames: (J=compiled Java code, j=interpreted, Vv=VM code)
j  ui.views.waveform.waveformi.WVExecutive_getGraphicsDataSize(J)J+0
j  ui.views.waveform.executive.a.klK()Ljava/io/ByteArrayInputStream;+8
j  ui.views.waveform.b.a.klh()V+7
j  ui.views.waveform.b.a.jty()V+1
j  ui.views.waveform.m.kkr()V+4
j  ui.views.waveform.m.Ii(Z)V+11
j  ui.views.waveform.w.aH(ZZ)V+30
j  ui.views.waveform.c.b.j(Lui/frmwork/a/l;)V+94
j  ui.views.waveform.w.handleTclEvent(Lui/frmwork/a/l;)V+13
J 18538 c1 ui.frmwork.a.o.c(Lui/frmwork/a/l;)V (61 bytes) @ 0x000002459418590c [0x0000024594184f60+0x00000000000009ac]
J 18525 c1 ui.frmwork.E.i(JZ)V (471 bytes) @ 0x000002459440dcbc [0x0000024594409b40+0x000000000000417c]
J 18529 c1 ui.frmwork.E.fireTclEvent(J)I (113 bytes) @ 0x0000024594147a14 [0x0000024594147240+0x00000000000007d4]
v  ~StubRoutines::call_stub
j  ui.views.waveform.waveformi.WVExecutive_processModelEvent(JJ)V+0
j  ui.views.waveform.executive.a.gb(J)V+5
j  ui.views.waveform.c.b.ga(J)V+8
j  ui.views.waveform.c.b.j(Lui/frmwork/a/l;)V+127
j  ui.views.waveform.w.handleTclEvent(Lui/frmwork/a/l;)V+13
J 18538 c1 ui.frmwork.a.o.c(Lui/frmwork/a/l;)V (61 bytes) @ 0x000002459418590c [0x0000024594184f60+0x00000000000009ac]
J 18525 c1 ui.frmwork.E.i(JZ)V (471 bytes) @ 0x000002459440dcbc [0x0000024594409b40+0x000000000000417c]
j  ui.frmwork.E.dQ(J)V+3
j  ui.frmwork.E$$Lambda$203.run()V+8
J 14186 c2 java.awt.event.InvocationEvent.dispatch()V java.desktop@11.0.2 (69 bytes) @ 0x000002459a946668 [0x000002459a9465c0+0x00000000000000a8]
J 14170 c2 java.awt.EventQueue$4.run()Ljava/lang/Object; java.desktop@11.0.2 (5 bytes) @ 0x000002459a94339c [0x000002459a9432e0+0x00000000000000bc]
v  ~StubRoutines::call_stub
J 3642  java.security.AccessController.doPrivileged(Ljava/security/PrivilegedAction;Ljava/security/AccessControlContext;)Ljava/lang/Object; java.base@11.0.2 (0 bytes) @ 0x0000024599ffb836 [0x0000024599ffb7c0+0x0000000000000076]
J 18492 c2 java.awt.EventQueue.dispatchEvent(Ljava/awt/AWTEvent;)V java.desktop@11.0.2 (80 bytes) @ 0x000002459ae8a32c [0x000002459ae89aa0+0x000000000000088c]
J 18494 c2 ui.frmwork.a.d.dispatchEvent(Ljava/awt/AWTEvent;)V (42 bytes) @ 0x000002459ae8ba58 [0x000002459ae8b960+0x00000000000000f8]
J 19762 c2 java.awt.EventDispatchThread.pumpOneEventForFilters(I)V java.desktop@11.0.2 (113 bytes) @ 0x000002459aff7074 [0x000002459aff6ec0+0x00000000000001b4]
J 16582 c1 java.awt.EventDispatchThread.pumpEventsForFilter(ILjava/awt/Conditional;Ljava/awt/EventFilter;)V java.desktop@11.0.2 (47 bytes) @ 0x0000024593104724 [0x0000024593104420+0x0000000000000304]
j  java.awt.EventDispatchThread.pumpEventsForFilter(Ljava/awt/Conditional;Ljava/awt/EventFilter;)V+4 java.desktop@11.0.2
j  java.awt.WaitDispatchSupport$2.run()V+59 java.desktop@11.0.2
j  java.awt.WaitDispatchSupport$4.run()Ljava/lang/Void;+4 java.desktop@11.0.2
j  java.awt.WaitDispatchSupport$4.run()Ljava/lang/Object;+1 java.desktop@11.0.2
v  ~StubRoutines::call_stub
J 951  java.security.AccessController.doPrivileged(Ljava/security/PrivilegedAction;)Ljava/lang/Object; java.base@11.0.2 (0 bytes) @ 0x0000024599e55622 [0x0000024599e555c0+0x0000000000000062]
j  java.awt.WaitDispatchSupport.enter()Z+260 java.desktop@11.0.2
j  java.awt.Dialog.show()V+224 java.desktop@11.0.2
J 8839 c1 java.awt.Component.setVisible(Z)V java.desktop@11.0.2 (6 bytes) @ 0x00000245930ae564 [0x00000245930ae360+0x0000000000000204]
j  java.awt.Window.setVisible(Z)V+2 java.desktop@11.0.2
j  java.awt.Dialog.setVisible(Z)V+2 java.desktop@11.0.2
j  ui.dlg.c.g.setVisible(Z)V+2
j  ui.dlg.c.bz.bIi()V+64
j  ui.dlg.c.bI.actionPerformed(Ljava/awt/event/ActionEvent;)V+8
j  ui.dlg.c.bz.fud()V+388
j  ui.views.c.t.b.a.run()V+60
j  ui.frmwork.cmd.a.hsT()Z+66
j  ui.frmwork.cmd.d.htb()V+42
j  ui.bm.actionPerformed(Ljava/awt/event/ActionEvent;)V+25
j  javax.swing.AbstractButton.fireActionPerformed(Ljava/awt/event/ActionEvent;)V+83 java.desktop@11.0.2
j  ui.utils.swing.b.E.fireActionPerformed(Ljava/awt/event/ActionEvent;)V+7
j  javax.swing.AbstractButton$Handler.actionPerformed(Ljava/awt/event/ActionEvent;)V+5 java.desktop@11.0.2
j  javax.swing.DefaultButtonModel.fireActionPerformed(Ljava/awt/event/ActionEvent;)V+34 java.desktop@11.0.2
j  javax.swing.DefaultButtonModel.setPressed(Z)V+117 java.desktop@11.0.2
j  javax.swing.plaf.basic.BasicButtonListener.mouseReleased(Ljava/awt/event/MouseEvent;)V+35 java.desktop@11.0.2
j  com.jidesoft.plaf.basic.BasicJideButtonListener.mouseReleased(Ljava/awt/event/MouseEvent;)V+61
j  java.awt.AWTEventMulticaster.mouseReleased(Ljava/awt/event/MouseEvent;)V+8 java.desktop@11.0.2
j  java.awt.AWTEventMulticaster.mouseReleased(Ljava/awt/event/MouseEvent;)V+8 java.desktop@11.0.2
j  java.awt.AWTEventMulticaster.mouseReleased(Ljava/awt/event/MouseEvent;)V+8 java.desktop@11.0.2
j  java.awt.AWTEventMulticaster.mouseReleased(Ljava/awt/event/MouseEvent;)V+8 java.desktop@11.0.2
J 14913 c1 java.awt.Component.processMouseEvent(Ljava/awt/event/MouseEvent;)V java.desktop@11.0.2 (100 bytes) @ 0x0000024594b5f2bc [0x0000024594b5ee40+0x000000000000047c]
J 14912 c1 javax.swing.JComponent.processMouseEvent(Ljava/awt/event/MouseEvent;)V java.desktop@11.0.2 (27 bytes) @ 0x0000024594b5e974 [0x0000024594b5e760+0x0000000000000214]
J 16317 c2 java.awt.Container.processEvent(Ljava/awt/AWTEvent;)V java.desktop@11.0.2 (22 bytes) @ 0x000002459a492b3c [0x000002459a4929a0+0x000000000000019c]
J 18469 c2 java.awt.Component.dispatchEventImpl(Ljava/awt/AWTEvent;)V java.desktop@11.0.2 (777 bytes) @ 0x000002459ae815ac [0x000002459ae80d80+0x000000000000082c]
J 20296 c2 java.awt.Container.dispatchEventImpl(Ljava/awt/AWTEvent;)V java.desktop@11.0.2 (129 bytes) @ 0x000002459b08fa04 [0x000002459b08f9a0+0x0000000000000064]
J 17986 c2 java.awt.LightweightDispatcher.retargetMouseEvent(Ljava/awt/Component;ILjava/awt/event/MouseEvent;)V java.desktop@11.0.2 (372 bytes) @ 0x000002459ad898ac [0x000002459ad88fc0+0x00000000000008ec]
J 20296 c2 java.awt.Container.dispatchEventImpl(Ljava/awt/AWTEvent;)V java.desktop@11.0.2 (129 bytes) @ 0x000002459b090cfc [0x000002459b08f9a0+0x000000000000135c]
J 15579 c2 java.awt.Window.dispatchEventImpl(Ljava/awt/AWTEvent;)V java.desktop@11.0.2 (23 bytes) @ 0x000002459a10190c [0x000002459a1018c0+0x000000000000004c]
J 14170 c2 java.awt.EventQueue$4.run()Ljava/lang/Object; java.desktop@11.0.2 (5 bytes) @ 0x000002459a943430 [0x000002459a9432e0+0x0000000000000150]
v  ~StubRoutines::call_stub
J 3642  java.security.AccessController.doPrivileged(Ljava/security/PrivilegedAction;Ljava/security/AccessControlContext;)Ljava/lang/Object; java.base@11.0.2 (0 bytes) @ 0x0000024599ffb836 [0x0000024599ffb7c0+0x0000000000000076]
J 15204 c2 java.awt.EventQueue$5.run()Ljava/lang/Object; java.desktop@11.0.2 (5 bytes) @ 0x000002459ab7306c [0x000002459ab72ca0+0x00000000000003cc]
v  ~StubRoutines::call_stub
J 3642  java.security.AccessController.doPrivileged(Ljava/security/PrivilegedAction;Ljava/security/AccessControlContext;)Ljava/lang/Object; java.base@11.0.2 (0 bytes) @ 0x0000024599ffb836 [0x0000024599ffb7c0+0x0000000000000076]
J 18492 c2 java.awt.EventQueue.dispatchEvent(Ljava/awt/AWTEvent;)V java.desktop@11.0.2 (80 bytes) @ 0x000002459ae89fc0 [0x000002459ae89aa0+0x0000000000000520]
J 18494 c2 ui.frmwork.a.d.dispatchEvent(Ljava/awt/AWTEvent;)V (42 bytes) @ 0x000002459ae8ba58 [0x000002459ae8b960+0x00000000000000f8]
J 19762 c2 java.awt.EventDispatchThread.pumpOneEventForFilters(I)V java.desktop@11.0.2 (113 bytes) @ 0x000002459aff7074 [0x000002459aff6ec0+0x00000000000001b4]
J 16899% c2 java.awt.EventDispatchThread.pumpEventsForFilter(ILjava/awt/Conditional;Ljava/awt/EventFilter;)V java.desktop@11.0.2 (47 bytes) @ 0x000002459a9e9940 [0x000002459a9e9840+0x0000000000000100]
j  java.awt.EventDispatchThread.pumpEventsForHierarchy(ILjava/awt/Conditional;Ljava/awt/Component;)V+11 java.desktop@11.0.2
j  java.awt.EventDispatchThread.pumpEvents(ILjava/awt/Conditional;)V+4 java.desktop@11.0.2
j  java.awt.EventDispatchThread.pumpEvents(Ljava/awt/Conditional;)V+3 java.desktop@11.0.2
j  java.awt.EventDispatchThread.run()V+9 java.desktop@11.0.2
v  ~StubRoutines::call_stub

siginfo: EXCEPTION_ACCESS_VIOLATION (0xc0000005), reading address 0x0000000000000044


Register to memory mapping:

RIP=0x00007fff570c1049 points into unknown readable memory: 83 79 44 00 75 07 33
RAX=0x0000ee78c0925d14 is an unknown value
RBX=0x00000245c1a8b7e0 points into unknown readable memory: a0 bb a8 c1 45 02 00 00
RCX=0x0 is NULL
RDX=0x00000245b7ef1b50 points into unknown readable memory: c0 4b 0e 57 ff 7f 00 00
RSP=0x000000d7219f3d00 is pointing into the stack for thread: 0x0000024589bcd800
RBP=0x0 is NULL
RSI=0x00000245b7ef1b50 points into unknown readable memory: c0 4b 0e 57 ff 7f 00 00
RDI=0x0 is NULL
R8 =0x000000d7219f3d90 is pointing into the stack for thread: 0x0000024589bcd800
R9 =0x0000000000000018 is an unknown value
R10=0x0 is NULL
R11=0x0000400000000000 is an unknown value
R12=0x0000000000000001 is an unknown value
R13=0x00007fff570e8e50 points into unknown readable memory: d0 2f 0c 57 ff 7f 00 00
R14=0x00000245c0f30aa0 points into unknown readable memory: 50 1b ef b7 45 02 00 00
R15=0x000000d7219f3d90 is pointing into the stack for thread: 0x0000024589bcd800


Registers:
RAX=0x0000ee78c0925d14, RBX=0x00000245c1a8b7e0, RCX=0x0000000000000000, RDX=0x00000245b7ef1b50
RSP=0x000000d7219f3d00, RBP=0x0000000000000000, RSI=0x00000245b7ef1b50, RDI=0x0000000000000000
R8 =0x000000d7219f3d90, R9 =0x0000000000000018, R10=0x0000000000000000, R11=0x0000400000000000
R12=0x0000000000000001, R13=0x00007fff570e8e50, R14=0x00000245c0f30aa0, R15=0x000000d7219f3d90
RIP=0x00007fff570c1049, EFLAGS=0x0000000000010206

Top of Stack: (sp=0x000000d7219f3d00)
0x000000d7219f3d00:   00000000c7cc9170 0000000000000000
0x000000d7219f3d10:   00000008c3aaa370 000000d7219f3e00
0x000000d7219f3d20:   0000000000576188 00007fffccae07b0
0x000000d7219f3d30:   fffffffffffffffe 000000d7219f4150
0x000000d7219f3d40:   0000000000000000 00007fffca5792eb
0x000000d7219f3d50:   00000245ac8f5fb0 00000245c0f30aa0
0x000000d7219f3d60:   00000245c0f30aa0 00007fff570d2487
0x000000d7219f3d70:   00007fff5ec89920 00000245c1a8b7e0
0x000000d7219f3d80:   00000245b1e6c510 000000d7219f4028
0x000000d7219f3d90:   000000d7219f3e61 00007fffb5dff49e
0x000000d7219f3da0:   0000000000000002 00007fffccae07b0
0x000000d7219f3db0:   00007fff5ec89920 000000d7219f4150
0x000000d7219f3dc0:   000000d7219f41f0 000000d7219f4790
0x000000d7219f3dd0:   0000002280000029 0000000000000000
0x000000d7219f3de0:   0000000000000000 000000000000000f
0x000000d7219f3df0:   00007fffb5df4520 000000d7219f3f38 

Instructions: (pc=0x00007fff570c1049)
0x00007fff570c1029:   50 48 c7 44 24 30 fe ff ff ff 48 89 5c 24 78 48
0x00007fff570c1039:   89 b4 24 80 00 00 00 4d 8b f8 48 8b f2 48 8b f9
0x00007fff570c1049:   83 79 44 00 75 07 33 c0 e9 d1 00 00 00 48 8b 41
0x00007fff570c1059:   48 8b 10 48 03 51 28 48 8d 4c 24 38 e8 66 eb ff 


Stack slot to memory mapping:
stack at sp + 0 slots: 0x00000000c7cc9170 is an unknown value
stack at sp + 1 slots: 0x0 is NULL
stack at sp + 2 slots: 0x00000008c3aaa370 is an unknown value
stack at sp + 3 slots: 0x000000d7219f3e00 is pointing into the stack for thread: 0x0000024589bcd800
stack at sp + 4 slots: 0x0000000000576188 is an unknown value
stack at sp + 5 slots: 0x00007fffccae07b0 ntdll.dll
stack at sp + 6 slots: 0xfffffffffffffffe is an unknown value
stack at sp + 7 slots: 0x000000d7219f4150 is pointing into the stack for thread: 0x0000024589bcd800


---------------  P R O C E S S  ---------------

Threads class SMR info:
_java_thread_list=0x00000245aca0c700, length=37, elements={
0x00000245c659b000, 0x0000024587871000, 0x0000024587e3d800, 0x0000024581632800,
0x0000024583775800, 0x000002458337c800, 0x0000024582d77800, 0x0000024582f6e000,
0x0000024584943000, 0x00000245e43b7000, 0x0000024581531000, 0x00000245897f2000,
0x0000024589955000, 0x00000245ac81f800, 0x0000024589bcd800, 0x00000245aca00800,
0x00000245ac832800, 0x00000245ac835000, 0x00000245ac836000, 0x00000245ac834800,
0x00000245ac837000, 0x00000245ac831000, 0x00000245b0add000, 0x00000245b0ad8000,
0x00000245b0adc000, 0x00000245b0ad9800, 0x00000245ac832000, 0x00000245bb2f6800,
0x00000245bb2fd000, 0x00000245bb2f7000, 0x00000245bb301000, 0x00000245bb2fe800,
0x00000245bb2f8800, 0x00000245bb2ff800, 0x00000245bb301800, 0x00000245bb302800,
0x00000245bb2f9800
}

Java Threads: ( => current thread )
  0x00000245c659b000 JavaThread "main" [_thread_blocked, id=9080, stack(0x000000d71cd00000,0x000000d71ce00000)]
  0x0000024587871000 JavaThread "Reference Handler" daemon [_thread_blocked, id=5168, stack(0x000000d71d400000,0x000000d71d900000)]
  0x0000024587e3d800 JavaThread "Finalizer" daemon [_thread_blocked, id=10764, stack(0x000000d71d900000,0x000000d71de00000)]
  0x0000024581632800 JavaThread "Signal Dispatcher" daemon [_thread_blocked, id=2268, stack(0x000000d71de00000,0x000000d71e300000)]
  0x0000024583775800 JavaThread "Attach Listener" daemon [_thread_blocked, id=2604, stack(0x000000d71e300000,0x000000d71e800000)]
  0x000002458337c800 JavaThread "C2 CompilerThread0" daemon [_thread_blocked, id=2260, stack(0x000000d71e800000,0x000000d71e900000)]
  0x0000024582d77800 JavaThread "C1 CompilerThread0" daemon [_thread_blocked, id=2140, stack(0x000000d71e900000,0x000000d71ea00000)]
  0x0000024582f6e000 JavaThread "Sweeper thread" daemon [_thread_blocked, id=2052, stack(0x000000d71ea00000,0x000000d71ef00000)]
  0x0000024584943000 JavaThread "Common-Cleaner" daemon [_thread_blocked, id=1412, stack(0x000000d71ef00000,0x000000d71f400000)]
  0x00000245e43b7000 JavaThread "Service Thread" daemon [_thread_blocked, id=2128, stack(0x000000d71f400000,0x000000d71f900000)]
  0x0000024581531000 JavaThread "Java2D Disposer" daemon [_thread_blocked, id=2132, stack(0x000000d71fa00000,0x000000d71ff00000)]
  0x00000245897f2000 JavaThread "AWT-Windows" daemon [_thread_in_native, id=2144, stack(0x000000d720400000,0x000000d720900000)]
  0x0000024589955000 JavaThread "TimerQueue" daemon [_thread_blocked, id=1716, stack(0x000000d720900000,0x000000d720e00000)]
  0x00000245ac81f800 JavaThread "AWT-Shutdown" [_thread_blocked, id=8216, stack(0x000000d71ff00000,0x000000d720400000)]
=>0x0000024589bcd800 JavaThread "AWT-EventQueue-0" [_thread_in_native, id=8204, stack(0x000000d721500000,0x000000d721a00000)]
  0x00000245aca00800 JavaThread "Thread-1" [_thread_in_native, id=5232, stack(0x000000d71b700000,0x000000d71cb00000)]
  0x00000245ac832800 JavaThread "Process Messages Thread" [_thread_blocked, id=8764, stack(0x000000d722000000,0x000000d722500000)]
  0x00000245ac835000 JavaThread "Batik CleanerThread" daemon [_thread_blocked, id=10088, stack(0x000000d722d00000,0x000000d723200000)]
  0x00000245ac836000 JavaThread "SyntheticaCleanerThread" daemon [_thread_blocked, id=8672, stack(0x000000d723700000,0x000000d723c00000)]
  0x00000245ac834800 JavaThread "Monitor HEventQueue Thread" [_thread_blocked, id=9792, stack(0x000000d723200000,0x000000d723700000)]
  0x00000245ac837000 JavaThread "SyntheticaAnimation 50" daemon [_thread_blocked, id=8392, stack(0x000000d723c00000,0x000000d724100000)]
  0x00000245ac831000 JavaThread "SyntheticaAnimation 25" daemon [_thread_blocked, id=4852, stack(0x000000d724100000,0x000000d724600000)]
  0x00000245b0add000 JavaThread "SyntheticaAnimation 70" daemon [_thread_blocked, id=8016, stack(0x000000d724600000,0x000000d724b00000)]
  0x00000245b0ad8000 JavaThread "Refresh Filesets Swing Worker Thread" [_thread_blocked, id=1728, stack(0x000000d724b00000,0x000000d725000000)]
  0x00000245b0adc000 JavaThread "hw_ila_monitor" [_thread_blocked, id=3012, stack(0x000000d725000000,0x000000d725500000)]
  0x00000245b0ad9800 JavaThread "Image Animator 3" daemon [_thread_blocked, id=1296, stack(0x000000d725a00000,0x000000d725f00000)]
  0x00000245ac832000 JavaThread "pool-1-thread-1" [_thread_blocked, id=8796, stack(0x000000d725f00000,0x000000d726400000)]
  0x00000245bb2f6800 JavaThread "pool-2-thread-1" [_thread_blocked, id=8816, stack(0x000000d726400000,0x000000d726900000)]
  0x00000245bb2fd000 JavaThread "pool-3-thread-1" [_thread_blocked, id=1392, stack(0x000000d726900000,0x000000d726e00000)]
  0x00000245bb2f7000 JavaThread "Update Runs Swing Worker Thread" [_thread_blocked, id=516, stack(0x000000d727300000,0x000000d727800000)]
  0x00000245bb301000 JavaThread "SyntheticaAnimation 50" daemon [_thread_blocked, id=11188, stack(0x000000d727d00000,0x000000d728200000)]
  0x00000245bb2fe800 JavaThread "SyntheticaAnimation 50" daemon [_thread_blocked, id=2600, stack(0x000000d725500000,0x000000d725a00000)]
  0x00000245bb2f8800 JavaThread "Timer-1" [_thread_blocked, id=84, stack(0x000000d728700000,0x000000d728c00000)]
  0x00000245bb2ff800 JavaThread "Monitor File Timestamp Swing Worker Thread" [_thread_blocked, id=9832, stack(0x000000d728c00000,0x000000d729100000)]
  0x00000245bb301800 JavaThread "Timer-3" [_thread_blocked, id=7060, stack(0x000000d729600000,0x000000d729b00000)]
  0x00000245bb302800 JavaThread "Monitor File Timestamp Swing Worker Thread" [_thread_blocked, id=5804, stack(0x000000d729b00000,0x000000d72a000000)]
  0x00000245bb2f9800 JavaThread "Relaunch Simulation Thread" [_thread_blocked, id=5272, stack(0x000000d726e00000,0x000000d727300000)]

Other Threads:
  0x000002458755c800 VMThread "VM Thread" [stack: 0x000000d71d300000,0x000000d71d400000] [id=7956]
  0x0000024585049000 WatcherThread [stack: 0x000000d71f900000,0x000000d71fa00000] [id=7376]
  0x000002458494a800 GCTaskThread "GC Thread#0" [stack: 0x000000d71ce00000,0x000000d71cf00000] [id=7792]
  0x00000245ac81e800 GCTaskThread "GC Thread#1" [stack: 0x000000d722500000,0x000000d722600000] [id=8768]
  0x000002458986d800 GCTaskThread "GC Thread#2" [stack: 0x000000d722600000,0x000000d722700000] [id=8760]
  0x000002458986e800 GCTaskThread "GC Thread#3" [stack: 0x000000d722700000,0x000000d722800000] [id=8824]
  0x00000245ad27b000 GCTaskThread "GC Thread#4" [stack: 0x000000d722800000,0x000000d722900000] [id=8876]
  0x00000245ad27b800 GCTaskThread "GC Thread#5" [stack: 0x000000d722900000,0x000000d722a00000] [id=8856]
  0x00000245ad07f800 GCTaskThread "GC Thread#6" [stack: 0x000000d722a00000,0x000000d722b00000] [id=8860]
  0x00000245ad082000 GCTaskThread "GC Thread#7" [stack: 0x000000d722b00000,0x000000d722c00000] [id=9672]
  0x0000024583b6d800 ConcurrentGCThread "G1 Main Marker" [stack: 0x000000d71cf00000,0x000000d71d000000] [id=7796]
  0x00000245e508e000 ConcurrentGCThread "G1 Conc#0" [stack: 0x000000d71d000000,0x000000d71d100000] [id=4512]
  0x00000245ac82f800 ConcurrentGCThread "G1 Conc#1" [stack: 0x000000d721a00000,0x000000d721b00000] [id=9804]
  0x0000024586076800 ConcurrentGCThread "G1 Refine#0" [stack: 0x000000d71d100000,0x000000d71d200000] [id=7948]
  0x0000024589954000 ConcurrentGCThread "G1 Refine#1" [stack: 0x000000d722c00000,0x000000d722d00000] [id=9884]
  0x00000245b21b1800 ConcurrentGCThread "G1 Refine#2" [stack: 0x000000d721e00000,0x000000d721f00000] [id=9380]
  0x0000024584d81800 ConcurrentGCThread "G1 Young RemSet Sampling" [stack: 0x000000d71d200000,0x000000d71d300000] [id=7952]

Threads with active compile tasks:

VM state:not at safepoint (normal execution)

VM Mutex/Monitor currently owned by a thread: None

Heap address: 0x0000000740000000, size: 3072 MB, Compressed Oops mode: Zero based, Oop shift amount: 3
Narrow klass base: 0x0000000800000000, Narrow klass shift: 0
Compressed class space size: 1073741824 Address: 0x0000000800000000

Heap:
 garbage-first heap   total 194560K, used 101380K [0x0000000740000000, 0x0000000800000000)
  region size 1024K, 20 young (20480K), 1 survivors (1024K)
 Metaspace       used 91252K, capacity 92406K, committed 95620K, reserved 1130496K
  class space    used 12213K, capacity 12740K, committed 13900K, reserved 1048576K
Heap Regions: E=young(eden), S=young(survivor), O=old, HS=humongous(starts), HC=humongous(continues), CS=collection set, F=free, A=archive, TAMS=top-at-mark-start (previous, next)
|   0|0x0000000740000000, 0x0000000740100000, 0x0000000740100000|100%|HS|  |TAMS 0x0000000740100000, 0x0000000740000000| Complete 
|   1|0x0000000740100000, 0x0000000740200000, 0x0000000740200000|100%|HC|  |TAMS 0x0000000740200000, 0x0000000740100000| Complete 
|   2|0x0000000740200000, 0x0000000740300000, 0x0000000740300000|100%|HS|  |TAMS 0x0000000740300000, 0x0000000740200000| Complete 
|   3|0x0000000740300000, 0x0000000740400000, 0x0000000740400000|100%| O|  |TAMS 0x0000000740400000, 0x0000000740300000| Untracked 
|   4|0x0000000740400000, 0x00000007404ffff8, 0x0000000740500000| 99%| O|  |TAMS 0x00000007404ffff8, 0x0000000740400000| Untracked 
|   5|0x0000000740500000, 0x00000007405ffff0, 0x0000000740600000| 99%| O|  |TAMS 0x00000007405ffff0, 0x0000000740500000| Untracked 
|   6|0x0000000740600000, 0x00000007406fffe8, 0x0000000740700000| 99%| O|  |TAMS 0x00000007406fffe8, 0x0000000740600000| Untracked 
|   7|0x0000000740700000, 0x00000007407ffff0, 0x0000000740800000| 99%| O|  |TAMS 0x00000007407ffff0, 0x0000000740700000| Untracked 
|   8|0x0000000740800000, 0x00000007408ffff0, 0x0000000740900000| 99%| O|  |TAMS 0x00000007408ffff0, 0x0000000740800000| Untracked 
|   9|0x0000000740900000, 0x00000007409ffff0, 0x0000000740a00000| 99%| O|  |TAMS 0x00000007409ffff0, 0x0000000740900000| Untracked 
|  10|0x0000000740a00000, 0x0000000740affff8, 0x0000000740b00000| 99%| O|  |TAMS 0x0000000740affff8, 0x0000000740a00000| Untracked 
|  11|0x0000000740b00000, 0x0000000740bffff8, 0x0000000740c00000| 99%| O|  |TAMS 0x0000000740bffff8, 0x0000000740b00000| Untracked 
|  12|0x0000000740c00000, 0x0000000740d00000, 0x0000000740d00000|100%| O|  |TAMS 0x0000000740d00000, 0x0000000740c00000| Untracked 
|  13|0x0000000740d00000, 0x0000000740dfffc8, 0x0000000740e00000| 99%| O|  |TAMS 0x0000000740dfffc8, 0x0000000740d00000| Untracked 
|  14|0x0000000740e00000, 0x0000000740effff8, 0x0000000740f00000| 99%| O|  |TAMS 0x0000000740effff8, 0x0000000740e00000| Untracked 
|  15|0x0000000740f00000, 0x0000000741000000, 0x0000000741000000|100%| O|  |TAMS 0x0000000741000000, 0x0000000740f00000| Untracked 
|  16|0x0000000741000000, 0x00000007410ffff8, 0x0000000741100000| 99%| O|  |TAMS 0x00000007410ffff8, 0x0000000741000000| Untracked 
|  17|0x0000000741100000, 0x00000007411ffff8, 0x0000000741200000| 99%| O|  |TAMS 0x00000007411ffff8, 0x0000000741100000| Untracked 
|  18|0x0000000741200000, 0x00000007412ffff8, 0x0000000741300000| 99%| O|  |TAMS 0x00000007412ffff8, 0x0000000741200000| Untracked 
|  19|0x0000000741300000, 0x00000007413ffff8, 0x0000000741400000| 99%| O|  |TAMS 0x00000007413ffff8, 0x0000000741300000| Untracked 
|  20|0x0000000741400000, 0x0000000741500000, 0x0000000741500000|100%| O|  |TAMS 0x0000000741500000, 0x0000000741400000| Untracked 
|  21|0x0000000741500000, 0x0000000741600000, 0x0000000741600000|100%|HS|  |TAMS 0x0000000741600000, 0x0000000741500000| Complete 
|  22|0x0000000741600000, 0x00000007416fffe0, 0x0000000741700000| 99%| O|  |TAMS 0x00000007416fffe0, 0x0000000741600000| Untracked 
|  23|0x0000000741700000, 0x00000007417ffff8, 0x0000000741800000| 99%| O|  |TAMS 0x00000007417ffff8, 0x0000000741700000| Untracked 
|  24|0x0000000741800000, 0x00000007418ffff0, 0x0000000741900000| 99%| O|  |TAMS 0x00000007418ffff0, 0x0000000741800000| Untracked 
|  25|0x0000000741900000, 0x0000000741a00000, 0x0000000741a00000|100%| O|  |TAMS 0x0000000741a00000, 0x0000000741900000| Untracked 
|  26|0x0000000741a00000, 0x0000000741affff8, 0x0000000741b00000| 99%| O|  |TAMS 0x0000000741affff8, 0x0000000741a00000| Untracked 
|  27|0x0000000741b00000, 0x0000000741bffff0, 0x0000000741c00000| 99%| O|  |TAMS 0x0000000741bffff0, 0x0000000741b00000| Untracked 
|  28|0x0000000741c00000, 0x0000000741cffff8, 0x0000000741d00000| 99%| O|  |TAMS 0x0000000741cffff8, 0x0000000741c00000| Untracked 
|  29|0x0000000741d00000, 0x0000000741dffff8, 0x0000000741e00000| 99%| O|  |TAMS 0x0000000741dffff8, 0x0000000741d00000| Untracked 
|  30|0x0000000741e00000, 0x0000000741f00000, 0x0000000741f00000|100%| O|  |TAMS 0x0000000741f00000, 0x0000000741e00000| Untracked 
|  31|0x0000000741f00000, 0x0000000741fffff0, 0x0000000742000000| 99%| O|  |TAMS 0x0000000741fffff0, 0x0000000741f00000| Untracked 
|  32|0x0000000742000000, 0x00000007420ffff8, 0x0000000742100000| 99%| O|  |TAMS 0x00000007420ffff8, 0x0000000742000000| Untracked 
|  33|0x0000000742100000, 0x0000000742200000, 0x0000000742200000|100%| O|  |TAMS 0x0000000742200000, 0x0000000742100000| Untracked 
|  34|0x0000000742200000, 0x0000000742300000, 0x0000000742300000|100%| O|  |TAMS 0x0000000742300000, 0x0000000742200000| Untracked 
|  35|0x0000000742300000, 0x00000007423ffff0, 0x0000000742400000| 99%| O|  |TAMS 0x00000007423ffff0, 0x0000000742300000| Untracked 
|  36|0x0000000742400000, 0x0000000742500000, 0x0000000742500000|100%| O|  |TAMS 0x0000000742500000, 0x0000000742400000| Untracked 
|  37|0x0000000742500000, 0x0000000742600000, 0x0000000742600000|100%| O|  |TAMS 0x0000000742600000, 0x0000000742500000| Untracked 
|  38|0x0000000742600000, 0x00000007426ffff0, 0x0000000742700000| 99%| O|  |TAMS 0x00000007426ffff0, 0x0000000742600000| Untracked 
|  39|0x0000000742700000, 0x00000007427ffff0, 0x0000000742800000| 99%| O|  |TAMS 0x00000007427ffff0, 0x0000000742700000| Untracked 
|  40|0x0000000742800000, 0x0000000742900000, 0x0000000742900000|100%| O|  |TAMS 0x0000000742900000, 0x0000000742800000| Untracked 
|  41|0x0000000742900000, 0x00000007429ffff8, 0x0000000742a00000| 99%| O|  |TAMS 0x00000007429ffff8, 0x0000000742900000| Untracked 
|  42|0x0000000742a00000, 0x0000000742b00000, 0x0000000742b00000|100%| O|  |TAMS 0x0000000742b00000, 0x0000000742a00000| Untracked 
|  43|0x0000000742b00000, 0x0000000742bffff0, 0x0000000742c00000| 99%| O|  |TAMS 0x0000000742bffff0, 0x0000000742b00000| Untracked 
|  44|0x0000000742c00000, 0x0000000742cffff8, 0x0000000742d00000| 99%| O|  |TAMS 0x0000000742cffff8, 0x0000000742c00000| Untracked 
|  45|0x0000000742d00000, 0x0000000742e00000, 0x0000000742e00000|100%| O|  |TAMS 0x0000000742e00000, 0x0000000742d00000| Untracked 
|  46|0x0000000742e00000, 0x0000000742f00000, 0x0000000742f00000|100%| O|  |TAMS 0x0000000742f00000, 0x0000000742e00000| Untracked 
|  47|0x0000000742f00000, 0x0000000742fffff0, 0x0000000743000000| 99%| O|  |TAMS 0x0000000742fffff0, 0x0000000742f00000| Untracked 
|  48|0x0000000743000000, 0x0000000743100000, 0x0000000743100000|100%| O|  |TAMS 0x0000000743100000, 0x0000000743000000| Untracked 
|  49|0x0000000743100000, 0x00000007431fffb0, 0x0000000743200000| 99%| O|  |TAMS 0x00000007431fffb0, 0x0000000743100000| Untracked 
|  50|0x0000000743200000, 0x00000007432ffff8, 0x0000000743300000| 99%| O|  |TAMS 0x00000007432ffff8, 0x0000000743200000| Untracked 
|  51|0x0000000743300000, 0x0000000743400000, 0x0000000743400000|100%| O|  |TAMS 0x0000000743400000, 0x0000000743300000| Untracked 
|  52|0x0000000743400000, 0x0000000743500000, 0x0000000743500000|100%| O|  |TAMS 0x0000000743500000, 0x0000000743400000| Untracked 
|  53|0x0000000743500000, 0x00000007435ffff8, 0x0000000743600000| 99%| O|  |TAMS 0x00000007435ffff8, 0x0000000743500000| Untracked 
|  54|0x0000000743600000, 0x00000007436ffff8, 0x0000000743700000| 99%| O|  |TAMS 0x00000007436ffff8, 0x0000000743600000| Untracked 
|  55|0x0000000743700000, 0x00000007437ffff0, 0x0000000743800000| 99%| O|  |TAMS 0x00000007437ffff0, 0x0000000743700000| Untracked 
|  56|0x0000000743800000, 0x00000007438ffff8, 0x0000000743900000| 99%| O|  |TAMS 0x00000007438ffff8, 0x0000000743800000| Untracked 
|  57|0x0000000743900000, 0x00000007439fffe8, 0x0000000743a00000| 99%| O|  |TAMS 0x00000007439fffe8, 0x0000000743900000| Untracked 
|  58|0x0000000743a00000, 0x0000000743affff8, 0x0000000743b00000| 99%| O|  |TAMS 0x0000000743affff8, 0x0000000743a00000| Untracked 
|  59|0x0000000743b00000, 0x0000000743bfffe8, 0x0000000743c00000| 99%| O|  |TAMS 0x0000000743bfffe8, 0x0000000743b00000| Untracked 
|  60|0x0000000743c00000, 0x0000000743d00000, 0x0000000743d00000|100%| O|  |TAMS 0x0000000743d00000, 0x0000000743c00000| Untracked 
|  61|0x0000000743d00000, 0x0000000743dffff0, 0x0000000743e00000| 99%| O|  |TAMS 0x0000000743dffff0, 0x0000000743d00000| Untracked 
|  62|0x0000000743e00000, 0x0000000743effff8, 0x0000000743f00000| 99%| O|  |TAMS 0x0000000743effff8, 0x0000000743e00000| Untracked 
|  63|0x0000000743f00000, 0x0000000744000000, 0x0000000744000000|100%| O|  |TAMS 0x0000000744000000, 0x0000000743f00000| Untracked 
|  64|0x0000000744000000, 0x00000007440fffe8, 0x0000000744100000| 99%| O|  |TAMS 0x00000007440fffe8, 0x0000000744000000| Untracked 
|  65|0x0000000744100000, 0x00000007441fffc0, 0x0000000744200000| 99%| O|  |TAMS 0x00000007441fffc0, 0x0000000744100000| Untracked 
|  66|0x0000000744200000, 0x00000007442ff9e0, 0x0000000744300000| 99%| O|  |TAMS 0x00000007442ff9e0, 0x0000000744200000| Untracked 
|  67|0x0000000744300000, 0x00000007443ffef8, 0x0000000744400000| 99%| O|  |TAMS 0x00000007443ffef8, 0x0000000744300000| Untracked 
|  68|0x0000000744400000, 0x00000007444ffbf8, 0x0000000744500000| 99%| O|  |TAMS 0x00000007444ffbf8, 0x0000000744400000| Untracked 
|  69|0x0000000744500000, 0x00000007445d5eb0, 0x0000000744600000| 83%| O|  |TAMS 0x00000007445d5eb0, 0x0000000744500000| Untracked 
|  70|0x0000000744600000, 0x0000000744655928, 0x0000000744700000| 33%| O|  |TAMS 0x0000000744655928, 0x0000000744600000| Untracked 
|  71|0x0000000744700000, 0x0000000744800000, 0x0000000744800000|100%|HS|  |TAMS 0x0000000744800000, 0x0000000744700000| Complete 
|  72|0x0000000744800000, 0x0000000744900000, 0x0000000744900000|100%|HC|  |TAMS 0x0000000744900000, 0x0000000744800000| Complete 
|  73|0x0000000744900000, 0x0000000744900368, 0x0000000744a00000|  0%| O|  |TAMS 0x0000000744900368, 0x0000000744900000| Untracked 
|  74|0x0000000744a00000, 0x0000000744a00000, 0x0000000744b00000|  0%| F|  |TAMS 0x0000000744a00000, 0x0000000744a00000| Untracked 
|  75|0x0000000744b00000, 0x0000000744b00000, 0x0000000744c00000|  0%| F|  |TAMS 0x0000000744b00000, 0x0000000744b00000| Untracked 
|  76|0x0000000744c00000, 0x0000000744c00000, 0x0000000744d00000|  0%| F|  |TAMS 0x0000000744c00000, 0x0000000744c00000| Untracked 
|  77|0x0000000744d00000, 0x0000000744d00000, 0x0000000744e00000|  0%| F|  |TAMS 0x0000000744d00000, 0x0000000744d00000| Untracked 
|  78|0x0000000744e00000, 0x0000000744e00000, 0x0000000744f00000|  0%| F|  |TAMS 0x0000000744e00000, 0x0000000744e00000| Untracked 
|  79|0x0000000744f00000, 0x0000000744f00000, 0x0000000745000000|  0%| F|  |TAMS 0x0000000744f00000, 0x0000000744f00000| Untracked 
|  80|0x0000000745000000, 0x0000000745000000, 0x0000000745100000|  0%| F|  |TAMS 0x0000000745000000, 0x0000000745000000| Untracked 
|  81|0x0000000745100000, 0x0000000745100000, 0x0000000745200000|  0%| F|  |TAMS 0x0000000745100000, 0x0000000745100000| Untracked 
|  82|0x0000000745200000, 0x0000000745200000, 0x0000000745300000|  0%| F|  |TAMS 0x0000000745200000, 0x0000000745200000| Untracked 
|  83|0x0000000745300000, 0x0000000745300000, 0x0000000745400000|  0%| F|  |TAMS 0x0000000745300000, 0x0000000745300000| Untracked 
|  84|0x0000000745400000, 0x0000000745400000, 0x0000000745500000|  0%| F|  |TAMS 0x0000000745400000, 0x0000000745400000| Untracked 
|  85|0x0000000745500000, 0x0000000745500000, 0x0000000745600000|  0%| F|  |TAMS 0x0000000745500000, 0x0000000745500000| Untracked 
|  86|0x0000000745600000, 0x0000000745600000, 0x0000000745700000|  0%| F|  |TAMS 0x0000000745600000, 0x0000000745600000| Untracked 
|  87|0x0000000745700000, 0x0000000745700000, 0x0000000745800000|  0%| F|  |TAMS 0x0000000745700000, 0x0000000745700000| Untracked 
|  88|0x0000000745800000, 0x0000000745800000, 0x0000000745900000|  0%| F|  |TAMS 0x0000000745800000, 0x0000000745800000| Untracked 
|  89|0x0000000745900000, 0x0000000745900000, 0x0000000745a00000|  0%| F|  |TAMS 0x0000000745900000, 0x0000000745900000| Untracked 
|  90|0x0000000745a00000, 0x0000000745a00000, 0x0000000745b00000|  0%| F|  |TAMS 0x0000000745a00000, 0x0000000745a00000| Untracked 
|  91|0x0000000745b00000, 0x0000000745b00000, 0x0000000745c00000|  0%| F|  |TAMS 0x0000000745b00000, 0x0000000745b00000| Untracked 
|  92|0x0000000745c00000, 0x0000000745c00000, 0x0000000745d00000|  0%| F|  |TAMS 0x0000000745c00000, 0x0000000745c00000| Untracked 
|  93|0x0000000745d00000, 0x0000000745d00000, 0x0000000745e00000|  0%| F|  |TAMS 0x0000000745d00000, 0x0000000745d00000| Untracked 
|  94|0x0000000745e00000, 0x0000000745e00000, 0x0000000745f00000|  0%| F|  |TAMS 0x0000000745e00000, 0x0000000745e00000| Untracked 
|  95|0x0000000745f00000, 0x0000000745f00000, 0x0000000746000000|  0%| F|  |TAMS 0x0000000745f00000, 0x0000000745f00000| Untracked 
|  96|0x0000000746000000, 0x0000000746000000, 0x0000000746100000|  0%| F|  |TAMS 0x0000000746000000, 0x0000000746000000| Untracked 
|  97|0x0000000746100000, 0x0000000746100000, 0x0000000746200000|  0%| F|  |TAMS 0x0000000746100000, 0x0000000746100000| Untracked 
|  98|0x0000000746200000, 0x0000000746300000, 0x0000000746300000|100%|HS|  |TAMS 0x0000000746300000, 0x0000000746200000| Complete 
|  99|0x0000000746300000, 0x0000000746400000, 0x0000000746400000|100%|HC|  |TAMS 0x0000000746400000, 0x0000000746300000| Complete 
| 100|0x0000000746400000, 0x0000000746500000, 0x0000000746500000|100%|HC|  |TAMS 0x0000000746500000, 0x0000000746400000| Complete 
| 101|0x0000000746500000, 0x0000000746600000, 0x0000000746600000|100%|HC|  |TAMS 0x0000000746600000, 0x0000000746500000| Complete 
| 102|0x0000000746600000, 0x0000000746700000, 0x0000000746700000|100%|HC|  |TAMS 0x0000000746700000, 0x0000000746600000| Complete 
| 103|0x0000000746700000, 0x0000000746800000, 0x0000000746800000|100%|HC|  |TAMS 0x0000000746800000, 0x0000000746700000| Complete 
| 104|0x0000000746800000, 0x0000000746900000, 0x0000000746900000|100%|HC|  |TAMS 0x0000000746900000, 0x0000000746800000| Complete 
| 105|0x0000000746900000, 0x0000000746a00000, 0x0000000746a00000|100%|HC|  |TAMS 0x0000000746a00000, 0x0000000746900000| Complete 
| 106|0x0000000746a00000, 0x0000000746a00000, 0x0000000746b00000|  0%| F|  |TAMS 0x0000000746a00000, 0x0000000746a00000| Untracked 
| 107|0x0000000746b00000, 0x0000000746b00000, 0x0000000746c00000|  0%| F|  |TAMS 0x0000000746b00000, 0x0000000746b00000| Untracked 
| 108|0x0000000746c00000, 0x0000000746c00000, 0x0000000746d00000|  0%| F|  |TAMS 0x0000000746c00000, 0x0000000746c00000| Untracked 
| 109|0x0000000746d00000, 0x0000000746d00000, 0x0000000746e00000|  0%| F|  |TAMS 0x0000000746d00000, 0x0000000746d00000| Untracked 
| 110|0x0000000746e00000, 0x0000000746e00000, 0x0000000746f00000|  0%| F|  |TAMS 0x0000000746e00000, 0x0000000746e00000| Untracked 
| 111|0x0000000746f00000, 0x0000000746f00000, 0x0000000747000000|  0%| F|  |TAMS 0x0000000746f00000, 0x0000000746f00000| Untracked 
| 112|0x0000000747000000, 0x0000000747000000, 0x0000000747100000|  0%| F|  |TAMS 0x0000000747000000, 0x0000000747000000| Untracked 
| 113|0x0000000747100000, 0x0000000747100000, 0x0000000747200000|  0%| F|  |TAMS 0x0000000747100000, 0x0000000747100000| Untracked 
| 114|0x0000000747200000, 0x0000000747200000, 0x0000000747300000|  0%| F|  |TAMS 0x0000000747200000, 0x0000000747200000| Untracked 
| 115|0x0000000747300000, 0x0000000747300000, 0x0000000747400000|  0%| F|  |TAMS 0x0000000747300000, 0x0000000747300000| Untracked 
| 116|0x0000000747400000, 0x0000000747400000, 0x0000000747500000|  0%| F|  |TAMS 0x0000000747400000, 0x0000000747400000| Untracked 
| 117|0x0000000747500000, 0x0000000747500000, 0x0000000747600000|  0%| F|  |TAMS 0x0000000747500000, 0x0000000747500000| Untracked 
| 118|0x0000000747600000, 0x0000000747600000, 0x0000000747700000|  0%| F|  |TAMS 0x0000000747600000, 0x0000000747600000| Untracked 
| 119|0x0000000747700000, 0x0000000747700000, 0x0000000747800000|  0%| F|  |TAMS 0x0000000747700000, 0x0000000747700000| Untracked 
| 120|0x0000000747800000, 0x0000000747800000, 0x0000000747900000|  0%| F|  |TAMS 0x0000000747800000, 0x0000000747800000| Untracked 
| 121|0x0000000747900000, 0x0000000747900000, 0x0000000747a00000|  0%| F|  |TAMS 0x0000000747900000, 0x0000000747900000| Untracked 
| 122|0x0000000747a00000, 0x0000000747a00000, 0x0000000747b00000|  0%| F|  |TAMS 0x0000000747a00000, 0x0000000747a00000| Untracked 
| 123|0x0000000747b00000, 0x0000000747b00000, 0x0000000747c00000|  0%| F|  |TAMS 0x0000000747b00000, 0x0000000747b00000| Untracked 
| 124|0x0000000747c00000, 0x0000000747c00000, 0x0000000747d00000|  0%| F|  |TAMS 0x0000000747c00000, 0x0000000747c00000| Untracked 
| 125|0x0000000747d00000, 0x0000000747d00000, 0x0000000747e00000|  0%| F|  |TAMS 0x0000000747d00000, 0x0000000747d00000| Untracked 
| 126|0x0000000747e00000, 0x0000000747e00000, 0x0000000747f00000|  0%| F|  |TAMS 0x0000000747e00000, 0x0000000747e00000| Untracked 
| 127|0x0000000747f00000, 0x0000000747f00000, 0x0000000748000000|  0%| F|  |TAMS 0x0000000747f00000, 0x0000000747f00000| Untracked 
| 128|0x0000000748000000, 0x0000000748000000, 0x0000000748100000|  0%| F|  |TAMS 0x0000000748000000, 0x0000000748000000| Untracked 
| 129|0x0000000748100000, 0x0000000748100000, 0x0000000748200000|  0%| F|  |TAMS 0x0000000748100000, 0x0000000748100000| Untracked 
| 130|0x0000000748200000, 0x0000000748200000, 0x0000000748300000|  0%| F|  |TAMS 0x0000000748200000, 0x0000000748200000| Untracked 
| 131|0x0000000748300000, 0x00000007483d6650, 0x0000000748400000| 83%| S|CS|TAMS 0x0000000748300000, 0x0000000748300000| Complete 
| 132|0x0000000748400000, 0x0000000748400000, 0x0000000748500000|  0%| F|  |TAMS 0x0000000748400000, 0x0000000748400000| Untracked 
| 133|0x0000000748500000, 0x0000000748500000, 0x0000000748600000|  0%| F|  |TAMS 0x0000000748500000, 0x0000000748500000| Untracked 
| 134|0x0000000748600000, 0x0000000748600000, 0x0000000748700000|  0%| F|  |TAMS 0x0000000748600000, 0x0000000748600000| Untracked 
| 135|0x0000000748700000, 0x0000000748700000, 0x0000000748800000|  0%| F|  |TAMS 0x0000000748700000, 0x0000000748700000| Untracked 
| 136|0x0000000748800000, 0x0000000748800000, 0x0000000748900000|  0%| F|  |TAMS 0x0000000748800000, 0x0000000748800000| Untracked 
| 137|0x0000000748900000, 0x0000000748900000, 0x0000000748a00000|  0%| F|  |TAMS 0x0000000748900000, 0x0000000748900000| Untracked 
| 138|0x0000000748a00000, 0x0000000748a00000, 0x0000000748b00000|  0%| F|  |TAMS 0x0000000748a00000, 0x0000000748a00000| Untracked 
| 139|0x0000000748b00000, 0x0000000748b00000, 0x0000000748c00000|  0%| F|  |TAMS 0x0000000748b00000, 0x0000000748b00000| Untracked 
| 140|0x0000000748c00000, 0x0000000748c00000, 0x0000000748d00000|  0%| F|  |TAMS 0x0000000748c00000, 0x0000000748c00000| Untracked 
| 141|0x0000000748d00000, 0x0000000748d00000, 0x0000000748e00000|  0%| F|  |TAMS 0x0000000748d00000, 0x0000000748d00000| Untracked 
| 142|0x0000000748e00000, 0x0000000748e00000, 0x0000000748f00000|  0%| F|  |TAMS 0x0000000748e00000, 0x0000000748e00000| Untracked 
| 143|0x0000000748f00000, 0x0000000748f00000, 0x0000000749000000|  0%| F|  |TAMS 0x0000000748f00000, 0x0000000748f00000| Untracked 
| 144|0x0000000749000000, 0x0000000749000000, 0x0000000749100000|  0%| F|  |TAMS 0x0000000749000000, 0x0000000749000000| Untracked 
| 145|0x0000000749100000, 0x0000000749100000, 0x0000000749200000|  0%| F|  |TAMS 0x0000000749100000, 0x0000000749100000| Untracked 
| 146|0x0000000749200000, 0x0000000749200000, 0x0000000749300000|  0%| F|  |TAMS 0x0000000749200000, 0x0000000749200000| Untracked 
| 147|0x0000000749300000, 0x0000000749300000, 0x0000000749400000|  0%| F|  |TAMS 0x0000000749300000, 0x0000000749300000| Untracked 
| 148|0x0000000749400000, 0x0000000749400000, 0x0000000749500000|  0%| F|  |TAMS 0x0000000749400000, 0x0000000749400000| Untracked 
| 149|0x0000000749500000, 0x0000000749500000, 0x0000000749600000|  0%| F|  |TAMS 0x0000000749500000, 0x0000000749500000| Untracked 
| 150|0x0000000749600000, 0x0000000749600000, 0x0000000749700000|  0%| F|  |TAMS 0x0000000749600000, 0x0000000749600000| Untracked 
| 151|0x0000000749700000, 0x0000000749700000, 0x0000000749800000|  0%| F|  |TAMS 0x0000000749700000, 0x0000000749700000| Untracked 
| 152|0x0000000749800000, 0x0000000749800000, 0x0000000749900000|  0%| F|  |TAMS 0x0000000749800000, 0x0000000749800000| Untracked 
| 153|0x0000000749900000, 0x0000000749900000, 0x0000000749a00000|  0%| F|  |TAMS 0x0000000749900000, 0x0000000749900000| Untracked 
| 154|0x0000000749a00000, 0x0000000749a00000, 0x0000000749b00000|  0%| F|  |TAMS 0x0000000749a00000, 0x0000000749a00000| Untracked 
| 155|0x0000000749b00000, 0x0000000749b00000, 0x0000000749c00000|  0%| F|  |TAMS 0x0000000749b00000, 0x0000000749b00000| Untracked 
| 156|0x0000000749c00000, 0x0000000749c00000, 0x0000000749d00000|  0%| F|  |TAMS 0x0000000749c00000, 0x0000000749c00000| Untracked 
| 157|0x0000000749d00000, 0x0000000749d00000, 0x0000000749e00000|  0%| F|  |TAMS 0x0000000749d00000, 0x0000000749d00000| Untracked 
| 158|0x0000000749e00000, 0x0000000749e00000, 0x0000000749f00000|  0%| F|  |TAMS 0x0000000749e00000, 0x0000000749e00000| Untracked 
| 159|0x0000000749f00000, 0x0000000749f00000, 0x000000074a000000|  0%| F|  |TAMS 0x0000000749f00000, 0x0000000749f00000| Untracked 
| 160|0x000000074a000000, 0x000000074a000000, 0x000000074a100000|  0%| F|  |TAMS 0x000000074a000000, 0x000000074a000000| Untracked 
| 161|0x000000074a100000, 0x000000074a100000, 0x000000074a200000|  0%| F|  |TAMS 0x000000074a100000, 0x000000074a100000| Untracked 
| 162|0x000000074a200000, 0x000000074a200000, 0x000000074a300000|  0%| F|  |TAMS 0x000000074a200000, 0x000000074a200000| Untracked 
| 163|0x000000074a300000, 0x000000074a300000, 0x000000074a400000|  0%| F|  |TAMS 0x000000074a300000, 0x000000074a300000| Untracked 
| 164|0x000000074a400000, 0x000000074a400000, 0x000000074a500000|  0%| F|  |TAMS 0x000000074a400000, 0x000000074a400000| Untracked 
| 165|0x000000074a500000, 0x000000074a500000, 0x000000074a600000|  0%| F|  |TAMS 0x000000074a500000, 0x000000074a500000| Untracked 
| 166|0x000000074a600000, 0x000000074a600000, 0x000000074a700000|  0%| F|  |TAMS 0x000000074a600000, 0x000000074a600000| Untracked 
| 167|0x000000074a700000, 0x000000074a700000, 0x000000074a800000|  0%| F|  |TAMS 0x000000074a700000, 0x000000074a700000| Untracked 
| 168|0x000000074a800000, 0x000000074a800000, 0x000000074a900000|  0%| F|  |TAMS 0x000000074a800000, 0x000000074a800000| Untracked 
| 169|0x000000074a900000, 0x000000074a900000, 0x000000074aa00000|  0%| F|  |TAMS 0x000000074a900000, 0x000000074a900000| Untracked 
| 170|0x000000074aa00000, 0x000000074aa00000, 0x000000074ab00000|  0%| F|  |TAMS 0x000000074aa00000, 0x000000074aa00000| Untracked 
| 171|0x000000074ab00000, 0x000000074ab0fb60, 0x000000074ac00000|  6%| E|  |TAMS 0x000000074ab00000, 0x000000074ab00000| Complete 
| 172|0x000000074ac00000, 0x000000074ad00000, 0x000000074ad00000|100%| E|CS|TAMS 0x000000074ac00000, 0x000000074ac00000| Complete 
| 173|0x000000074ad00000, 0x000000074ae00000, 0x000000074ae00000|100%| E|CS|TAMS 0x000000074ad00000, 0x000000074ad00000| Complete 
| 174|0x000000074ae00000, 0x000000074af00000, 0x000000074af00000|100%| E|CS|TAMS 0x000000074ae00000, 0x000000074ae00000| Complete 
| 175|0x000000074af00000, 0x000000074b000000, 0x000000074b000000|100%| E|CS|TAMS 0x000000074af00000, 0x000000074af00000| Complete 
| 176|0x000000074b000000, 0x000000074b100000, 0x000000074b100000|100%| E|CS|TAMS 0x000000074b000000, 0x000000074b000000| Complete 
| 177|0x000000074b100000, 0x000000074b200000, 0x000000074b200000|100%| E|CS|TAMS 0x000000074b100000, 0x000000074b100000| Complete 
| 178|0x000000074b200000, 0x000000074b300000, 0x000000074b300000|100%| E|CS|TAMS 0x000000074b200000, 0x000000074b200000| Complete 
| 179|0x000000074b300000, 0x000000074b400000, 0x000000074b400000|100%| E|CS|TAMS 0x000000074b300000, 0x000000074b300000| Complete 
| 180|0x000000074b400000, 0x000000074b500000, 0x000000074b500000|100%| E|CS|TAMS 0x000000074b400000, 0x000000074b400000| Complete 
| 181|0x000000074b500000, 0x000000074b600000, 0x000000074b600000|100%| E|CS|TAMS 0x000000074b500000, 0x000000074b500000| Complete 
| 182|0x000000074b600000, 0x000000074b700000, 0x000000074b700000|100%| E|CS|TAMS 0x000000074b600000, 0x000000074b600000| Complete 
| 183|0x000000074b700000, 0x000000074b800000, 0x000000074b800000|100%| E|CS|TAMS 0x000000074b700000, 0x000000074b700000| Complete 
| 184|0x000000074b800000, 0x000000074b900000, 0x000000074b900000|100%| E|CS|TAMS 0x000000074b800000, 0x000000074b800000| Complete 
| 185|0x000000074b900000, 0x000000074ba00000, 0x000000074ba00000|100%| E|CS|TAMS 0x000000074b900000, 0x000000074b900000| Complete 
| 186|0x000000074ba00000, 0x000000074bb00000, 0x000000074bb00000|100%| E|CS|TAMS 0x000000074ba00000, 0x000000074ba00000| Complete 
| 187|0x000000074bb00000, 0x000000074bc00000, 0x000000074bc00000|100%| E|CS|TAMS 0x000000074bb00000, 0x000000074bb00000| Complete 
| 188|0x000000074bc00000, 0x000000074bd00000, 0x000000074bd00000|100%| E|CS|TAMS 0x000000074bc00000, 0x000000074bc00000| Complete 
| 189|0x000000074bd00000, 0x000000074be00000, 0x000000074be00000|100%| E|CS|TAMS 0x000000074bd00000, 0x000000074bd00000| Complete 

Card table byte_map: [0x00000245a1d80000,0x00000245a2380000] _byte_map_base: 0x000002459e380000

Marking Bits (Prev, Next): (CMBitMap*) 0x00000245ca684090, (CMBitMap*) 0x00000245ca684058
 Prev Bits: [0x00000245a5980000, 0x00000245a8980000)
 Next Bits: [0x00000245a2980000, 0x00000245a5980000)

Polling page: 0x0000024583190000

Metaspace:

Usage:
  Non-class:     77.80 MB capacity,    77.19 MB (>99%) used,   442.47 KB ( <1%) free+waste,   184.25 KB ( <1%) overhead. 
      Class:     12.44 MB capacity,    11.93 MB ( 96%) used,   443.17 KB (  3%) free+waste,    83.69 KB ( <1%) overhead. 
       Both:     90.24 MB capacity,    89.11 MB ( 99%) used,   885.64 KB ( <1%) free+waste,   267.94 KB ( <1%) overhead. 

Virtual space:
  Non-class space:       80.00 MB reserved,      79.80 MB (>99%) committed 
      Class space:        1.00 GB reserved,      13.57 MB (  1%) committed 
             Both:        1.08 GB reserved,      93.38 MB (  8%) committed 

Chunk freelists:
   Non-Class:  248.75 KB
       Class:  135.50 KB
        Both:  384.25 KB

CodeHeap 'non-profiled nmethods': size=120000Kb used=19177Kb max_used=19177Kb free=100823Kb
 bounds [0x0000024599e00000, 0x000002459b0c0000, 0x00000245a1330000]
CodeHeap 'profiled nmethods': size=120000Kb used=38446Kb max_used=38446Kb free=81553Kb
 bounds [0x00000245928d0000, 0x0000024594eb0000, 0x0000024599e00000]
CodeHeap 'non-nmethods': size=5760Kb used=1635Kb max_used=1672Kb free=4124Kb
 bounds [0x0000024592330000, 0x00000245925a0000, 0x00000245928d0000]
 total_blobs=29938 nmethods=16183 adapters=1087
 compilation: enabled
              stopped_count=0, restarted_count=0
 full_count=0

Compilation events (10 events):
Event: 4659.067 Thread 0x0000024582d77800 20604   !   3       com.jidesoft.grid.FilterableTableModel::tableDataChanged (164 bytes)
Event: 4659.069 Thread 0x0000024582d77800 nmethod 20604 0x0000024594e9bb10 code [0x0000024594e9be40, 0x0000024594e9d810]
Event: 4659.070 Thread 0x0000024582d77800 20605       3       javax.swing.JTable::getScrollableTracksViewportHeight (39 bytes)
Event: 4659.072 Thread 0x0000024582d77800 nmethod 20605 0x00000245948ded90 code [0x00000245948defa0, 0x00000245948df8f0]
Event: 4659.072 Thread 0x0000024582d77800 20606   !   3       com.jidesoft.swing.JideBorderLayout::minimumLayoutSize (361 bytes)
Event: 4659.074 Thread 0x0000024582d77800 nmethod 20606 0x0000024594e9de90 code [0x0000024594e9e1a0, 0x0000024594e9f420]
Event: 4659.075 Thread 0x0000024582d77800 20607       3       ui.utils.swing.c.c::getPreferredSize (5 bytes)
Event: 4659.075 Thread 0x0000024582d77800 nmethod 20607 0x000002459367b010 code [0x000002459367b1c0, 0x000002459367b350]
Event: 4659.075 Thread 0x0000024582d77800 20608       3       ui.utils.swing.c.c::ijy (85 bytes)
Event: 4659.077 Thread 0x0000024582d77800 nmethod 20608 0x0000024594e9fc90 code [0x0000024594ea0100, 0x0000024594ea25b0]

GC Heap History (10 events):
Event: 4530.801 GC heap before
{Heap before GC invocations=227 (full 16):
 garbage-first heap   total 194560K, used 142835K [0x0000000740000000, 0x0000000800000000)
  region size 1024K, 60 young (61440K), 1 survivors (1024K)
 Metaspace       used 91061K, capacity 92277K, committed 95620K, reserved 1130496K
  class space    used 12206K, capacity 12740K, committed 13900K, reserved 1048576K
}
Event: 4530.804 GC heap after
{Heap after GC invocations=228 (full 16):
 garbage-first heap   total 194560K, used 82424K [0x0000000740000000, 0x0000000800000000)
  region size 1024K, 1 young (1024K), 1 survivors (1024K)
 Metaspace       used 91061K, capacity 92277K, committed 95620K, reserved 1130496K
  class space    used 12206K, capacity 12740K, committed 13900K, reserved 1048576K
}
Event: 4589.968 GC heap before
{Heap before GC invocations=229 (full 16):
 garbage-first heap   total 194560K, used 142840K [0x0000000740000000, 0x0000000800000000)
  region size 1024K, 60 young (61440K), 1 survivors (1024K)
 Metaspace       used 91075K, capacity 92277K, committed 95620K, reserved 1130496K
  class space    used 12206K, capacity 12740K, committed 13900K, reserved 1048576K
}
Event: 4589.971 GC heap after
{Heap after GC invocations=230 (full 16):
 garbage-first heap   total 194560K, used 82453K [0x0000000740000000, 0x0000000800000000)
  region size 1024K, 1 young (1024K), 1 survivors (1024K)
 Metaspace       used 91075K, capacity 92277K, committed 95620K, reserved 1130496K
  class space    used 12206K, capacity 12740K, committed 13900K, reserved 1048576K
}
Event: 4639.812 GC heap before
{Heap before GC invocations=230 (full 16):
 garbage-first heap   total 194560K, used 142869K [0x0000000740000000, 0x0000000800000000)
  region size 1024K, 60 young (61440K), 1 survivors (1024K)
 Metaspace       used 91093K, capacity 92277K, committed 95620K, reserved 1130496K
  class space    used 12206K, capacity 12740K, committed 13900K, reserved 1048576K
}
Event: 4639.814 GC heap after
{Heap after GC invocations=231 (full 16):
 garbage-first heap   total 194560K, used 82735K [0x0000000740000000, 0x0000000800000000)
  region size 1024K, 1 young (1024K), 1 survivors (1024K)
 Metaspace       used 91093K, capacity 92277K, committed 95620K, reserved 1130496K
  class space    used 12206K, capacity 12740K, committed 13900K, reserved 1048576K
}
Event: 4642.893 GC heap before
{Heap before GC invocations=232 (full 16):
 garbage-first heap   total 194560K, used 143151K [0x0000000740000000, 0x0000000800000000)
  region size 1024K, 60 young (61440K), 1 survivors (1024K)
 Metaspace       used 91170K, capacity 92341K, committed 95620K, reserved 1130496K
  class space    used 12206K, capacity 12740K, committed 13900K, reserved 1048576K
}
Event: 4642.896 GC heap after
{Heap after GC invocations=233 (full 16):
 garbage-first heap   total 194560K, used 83202K [0x0000000740000000, 0x0000000800000000)
  region size 1024K, 2 young (2048K), 2 survivors (2048K)
 Metaspace       used 91170K, capacity 92341K, committed 95620K, reserved 1130496K
  class space    used 12206K, capacity 12740K, committed 13900K, reserved 1048576K
}
Event: 4653.216 GC heap before
{Heap before GC invocations=233 (full 16):
 garbage-first heap   total 194560K, used 142594K [0x0000000740000000, 0x0000000800000000)
  region size 1024K, 60 young (61440K), 2 survivors (2048K)
 Metaspace       used 91206K, capacity 92406K, committed 95620K, reserved 1130496K
  class space    used 12213K, capacity 12740K, committed 13900K, reserved 1048576K
}
Event: 4653.219 GC heap after
{Heap after GC invocations=234 (full 16):
 garbage-first heap   total 194560K, used 82948K [0x0000000740000000, 0x0000000800000000)
  region size 1024K, 1 young (1024K), 1 survivors (1024K)
 Metaspace       used 91206K, capacity 92406K, committed 95620K, reserved 1130496K
  class space    used 12213K, capacity 12740K, committed 13900K, reserved 1048576K
}

Deoptimization events (10 events):
Event: 4654.582 Thread 0x0000024589bcd800 Uncommon trap: reason=unstable_if action=reinterpret pc=0x000002459afec8d4 method=com.jidesoft.grid.JideTable.isCellFocused(II)Z @ 138 c2
Event: 4654.582 Thread 0x0000024589bcd800 Uncommon trap: reason=unstable_if action=reinterpret pc=0x000002459af415ac method=ui.dlg.c.b.A.isSelectedIndex(I)Z @ 62 c2
Event: 4654.582 Thread 0x0000024589bcd800 Uncommon trap: reason=unstable_if action=reinterpret pc=0x000002459a7dc34c method=javax.swing.JTable.isCellSelected(II)Z @ 28 c2
Event: 4654.582 Thread 0x0000024589bcd800 Uncommon trap: reason=unstable_if action=reinterpret pc=0x000002459aff36a8 method=com.jidesoft.grid.JideTable.prepareRenderer(Ljavax/swing/table/TableCellRenderer;II)Ljava/awt/Component; @ 142 c2
Event: 4654.583 Thread 0x0000024589bcd800 Uncommon trap: reason=unstable_if action=reinterpret pc=0x000002459aac17c0 method=ui.utils.h.j.b.j.getTableCellRendererComponent(Ljavax/swing/JTable;Ljava/lang/Object;ZZII)Ljava/awt/Component; @ 84 c2
Event: 4654.583 Thread 0x0000024589bcd800 Uncommon trap: reason=unstable_if action=reinterpret pc=0x000002459aa7afa4 method=com.jidesoft.grid.StyledTableCellRenderer.getTableCellRendererComponent(Ljavax/swing/JTable;Ljava/lang/Object;ZZII)Ljava/awt/Component; @ 6 c2
Event: 4654.583 Thread 0x0000024589bcd800 Uncommon trap: reason=unstable_if action=reinterpret pc=0x000002459af6c5c0 method=com.jidesoft.grid.CellStyleTable.a(IILjava/awt/Component;Lcom/jidesoft/grid/CellStyle;Z)V @ 78 c2
Event: 4654.583 Thread 0x0000024589bcd800 Uncommon trap: reason=unstable_if action=reinterpret pc=0x000002459ab296b0 method=ui.utils.h.j.ai.paintCellOverlay(Ljava/awt/Graphics;Ljava/awt/Component;IILjava/awt/Rectangle;)V @ 16 c2
Event: 4654.583 Thread 0x0000024589bcd800 Uncommon trap: reason=unstable_if action=reinterpret pc=0x000002459aff06e0 method=com.jidesoft.grid.CellStyleTable.a(Ljavax/swing/table/TableCellRenderer;IILjava/awt/Component;Z)V @ 80 c2
Event: 4655.952 Thread 0x0000024589bcd800 Uncommon trap: reason=unstable_if action=reinterpret pc=0x000002459adfe0ec method=com.jidesoft.editor.SyntaxUtils.a(Lcom/jidesoft/editor/CodeEditor;Ljavax/swing/text/Segment;IILjava/awt/Graphics;Ljavax/swing/text/TabExpander;I[I)I @ 398 c2

Classes redefined (0 events):
No events

Internal exceptions (10 events):
Event: 4614.071 Thread 0x0000024589bcd800 Exception <a 'java/io/FileNotFoundException'{0x000000074af69e38}> (0x000000074af69e38) thrown at [t:/workspace/open/src/hotspot/share/prims/jni.cpp, line 615]
Event: 4619.071 Thread 0x0000024589bcd800 Exception <a 'java/io/FileNotFoundException'{0x000000074a7b7ce8}> (0x000000074a7b7ce8) thrown at [t:/workspace/open/src/hotspot/share/prims/jni.cpp, line 615]
Event: 4624.073 Thread 0x0000024589bcd800 Exception <a 'java/io/FileNotFoundException'{0x0000000749f436d8}> (0x0000000749f436d8) thrown at [t:/workspace/open/src/hotspot/share/prims/jni.cpp, line 615]
Event: 4629.074 Thread 0x0000024589bcd800 Exception <a 'java/io/FileNotFoundException'{0x0000000749504b48}> (0x0000000749504b48) thrown at [t:/workspace/open/src/hotspot/share/prims/jni.cpp, line 615]
Event: 4634.074 Thread 0x0000024589bcd800 Exception <a 'java/io/FileNotFoundException'{0x0000000748fe4420}> (0x0000000748fe4420) thrown at [t:/workspace/open/src/hotspot/share/prims/jni.cpp, line 615]
Event: 4639.075 Thread 0x0000024589bcd800 Exception <a 'java/io/FileNotFoundException'{0x00000007485507f0}> (0x00000007485507f0) thrown at [t:/workspace/open/src/hotspot/share/prims/jni.cpp, line 615]
Event: 4644.081 Thread 0x0000024589bcd800 Exception <a 'java/io/FileNotFoundException'{0x00000007491fc170}> (0x00000007491fc170) thrown at [t:/workspace/open/src/hotspot/share/prims/jni.cpp, line 615]
Event: 4649.076 Thread 0x0000024589bcd800 Exception <a 'java/io/FileNotFoundException'{0x000000074899c950}> (0x000000074899c950) thrown at [t:/workspace/open/src/hotspot/share/prims/jni.cpp, line 615]
Event: 4654.077 Thread 0x0000024589bcd800 Exception <a 'java/io/FileNotFoundException'{0x000000074bd8c448}> (0x000000074bd8c448) thrown at [t:/workspace/open/src/hotspot/share/prims/jni.cpp, line 615]
Event: 4659.088 Thread 0x0000024589bcd800 Exception <a 'java/io/FileNotFoundException'{0x000000074acee448}> (0x000000074acee448) thrown at [t:/workspace/open/src/hotspot/share/prims/jni.cpp, line 615]

Events (10 events):
Event: 4655.952 Thread 0x0000024589bcd800 DEOPT PACKING pc=0x000002459adfe0ec sp=0x000000d7219f4b50
Event: 4655.952 Thread 0x0000024589bcd800 DEOPT UNPACKING pc=0x00000245923591af sp=0x000000d7219f4b68 mode 2
Event: 4656.887 Thread 0x00000245bb2f8000 Thread added: 0x00000245bb2f8000
Event: 4656.895 Thread 0x00000245bb2f8000 Thread exited: 0x00000245bb2f8000
Event: 4657.889 Thread 0x00000245bb2fa800 Thread added: 0x00000245bb2fa800
Event: 4657.895 Thread 0x00000245bb2fa800 Thread exited: 0x00000245bb2fa800
Event: 4658.890 Thread 0x00000245bb2f8000 Thread added: 0x00000245bb2f8000
Event: 4658.903 Thread 0x00000245bb2f8000 Thread exited: 0x00000245bb2f8000
Event: 4659.057 loading class com/jidesoft/grid/TableUtils$ColumnSelectionRow
Event: 4659.057 loading class com/jidesoft/grid/TableUtils$ColumnSelectionRow done


Dynamic libraries:
0x00007ff666490000 - 0x00007ff6664bf000 	C:\xilinx\Vivado\2020.2\bin\unwrapped\win64.o\vivado.exe
0x00007fffcca90000 - 0x00007fffccc85000 	C:\Windows\SYSTEM32\ntdll.dll
0x00007fffcc600000 - 0x00007fffcc6bd000 	C:\Windows\System32\KERNEL32.DLL
0x00007fffca530000 - 0x00007fffca7f8000 	C:\Windows\System32\KERNELBASE.dll
0x00007fffca200000 - 0x00007fffca300000 	C:\Windows\System32\ucrtbase.dll
0x00007fff98660000 - 0x00007fff986ed000 	C:\Windows\SYSTEM32\MSVCP140.dll
0x00007fffb5df0000 - 0x00007fffb5e0a000 	C:\Windows\SYSTEM32\VCRUNTIME140.dll
0x00007fffb5230000 - 0x00007fffb523c000 	C:\Windows\SYSTEM32\VCRUNTIME140_1.dll
0x00007fffab340000 - 0x00007fffab353000 	C:\xilinx\Vivado\2020.2\lib\win64.o\libboost_signals.dll
0x00007fffafbf0000 - 0x00007fffafc08000 	C:\xilinx\Vivado\2020.2\lib\win64.o\librdi_commonmain.dll
0x00007fff9b570000 - 0x00007fff9c6e7000 	C:\xilinx\Vivado\2020.2\lib\win64.o\librdi_common.dll
0x00007fffcb2f0000 - 0x00007fffcb490000 	C:\Windows\System32\USER32.dll
0x00007fffca1d0000 - 0x00007fffca1f2000 	C:\Windows\System32\win32u.dll
0x00007fffcc5d0000 - 0x00007fffcc5fa000 	C:\Windows\System32\GDI32.dll
0x00007fffca950000 - 0x00007fffcaa5b000 	C:\Windows\System32\gdi32full.dll
0x00007fffab310000 - 0x00007fffab332000 	C:\xilinx\Vivado\2020.2\lib\win64.o\libboost_filesystem.dll
0x00007fffafbe0000 - 0x00007fffafbe9000 	C:\xilinx\Vivado\2020.2\lib\win64.o\librdi_commonversion.dll
0x00007fffca800000 - 0x00007fffca89d000 	C:\Windows\System32\msvcp_win.dll
0x00007fffcbd60000 - 0x00007fffcbe0c000 	C:\Windows\System32\ADVAPI32.dll
0x00007fffcbfc0000 - 0x00007fffcc05e000 	C:\Windows\System32\msvcrt.dll
0x00007fffcb530000 - 0x00007fffcbc72000 	C:\Windows\System32\SHELL32.dll
0x00007fffcb490000 - 0x00007fffcb52b000 	C:\Windows\System32\sechost.dll
0x00007fffcc0e0000 - 0x00007fffcc20b000 	C:\Windows\System32\RPCRT4.dll
0x00007fffcb0a0000 - 0x00007fffcb10b000 	C:\Windows\System32\WS2_32.dll
0x00007fff9b3d0000 - 0x00007fff9b569000 	C:\xilinx\Vivado\2020.2\lib\win64.o\librdi_commonxillic.dll
0x00007fffcaac0000 - 0x00007fffcaae7000 	C:\Windows\System32\bcrypt.dll
0x000000006d670000 - 0x000000006d79b000 	C:\xilinx\Vivado\2020.2\lib\win64.o\tcl85t.dll
0x00007fffac080000 - 0x00007fffac090000 	C:\xilinx\Vivado\2020.2\lib\win64.o\libboost_date_time.dll
0x00007fff96d90000 - 0x00007fff970fe000 	C:\xilinx\Vivado\2020.2\lib\win64.o\libCOIN-all.dll
0x00007fffa1b00000 - 0x00007fffa1b73000 	C:\xilinx\Vivado\2020.2\lib\win64.o\libboost_program_options.dll
0x00007fff9b2b0000 - 0x00007fff9b3c1000 	C:\xilinx\Vivado\2020.2\lib\win64.o\libboost_regex.dll
0x00007fffabee0000 - 0x00007fffabee9000 	C:\xilinx\Vivado\2020.2\lib\win64.o\libboost_system.dll
0x00007fffab2f0000 - 0x00007fffab30e000 	C:\xilinx\Vivado\2020.2\lib\win64.o\libboost_thread.dll
0x00007fffabc30000 - 0x00007fffabc3c000 	C:\xilinx\Vivado\2020.2\lib\win64.o\libboost_xilinx.dll
0x00007fff9b220000 - 0x00007fff9b2a2000 	C:\xilinx\Vivado\2020.2\lib\win64.o\libhdlpsolve.dll
0x00007fff9b170000 - 0x00007fff9b215000 	C:\xilinx\Vivado\2020.2\lib\win64.o\libhdxml.dll
0x00007fffa1ad0000 - 0x00007fffa1af8000 	C:\xilinx\Vivado\2020.2\lib\win64.o\libisl_sysinfo.dll
0x00007fff9b100000 - 0x00007fff9b165000 	C:\xilinx\Vivado\2020.2\lib\win64.o\liblmx6.0.dll
0x00007fffa3a30000 - 0x00007fffa3a4a000 	C:\xilinx\Vivado\2020.2\lib\win64.o\pthreadVC2.dll
0x00007fff9b0e0000 - 0x00007fff9b0fc000 	C:\xilinx\Vivado\2020.2\lib\win64.o\librdiconfig.dll
0x00007fffcbe10000 - 0x00007fffcbe65000 	C:\Windows\System32\SHLWAPI.dll
0x00007fff983f0000 - 0x00007fff98411000 	C:\xilinx\Vivado\2020.2\lib\win64.o\librdizlib.dll
0x00007fffba550000 - 0x00007fffba568000 	C:\Windows\SYSTEM32\NETAPI32.dll
0x00007fffba880000 - 0x00007fffbad5d000 	C:\Windows\SYSTEM32\WININET.dll
0x00007fffbd2d0000 - 0x00007fffbd3db000 	C:\Windows\SYSTEM32\WINHTTP.dll
0x0000000012000000 - 0x0000000012270000 	C:\xilinx\Vivado\2020.2\lib\win64.o\xerces-c_3_1.dll
0x00007fffbd6e0000 - 0x00007fffbd8ce000 	C:\Windows\SYSTEM32\urlmon.dll
0x00007fff95f90000 - 0x00007fff96d82600 	C:\xilinx\Vivado\2020.2\lib\win64.o\libisl_iostreams.dll
0x00007fff87d80000 - 0x00007fff87d89000 	C:\Windows\SYSTEM32\WSOCK32.dll
0x00007fff983c0000 - 0x00007fff983ee000 	C:\Windows\SYSTEM32\VCOMP140.DLL
0x00007fff93d90000 - 0x00007fff9406b000 	C:\xilinx\Vivado\2020.2\lib\win64.o\libXil_lmgr11.dll
0x00007fffcbc80000 - 0x00007fffcbd5a000 	C:\Windows\System32\COMDLG32.dll
0x00007fffcc270000 - 0x00007fffcc5c5000 	C:\Windows\System32\combase.dll
0x00007fff94070000 - 0x00007fff95f87000 	C:\xilinx\Vivado\2020.2\lib\win64.o\gurobi90.dll
0x00007fffca300000 - 0x00007fffca45f000 	C:\Windows\System32\CRYPT32.dll
0x00007fffcc6c0000 - 0x00007fffcc76e000 	C:\Windows\System32\shcore.dll
0x00007fffcc9d0000 - 0x00007fffcca26000 	C:\Windows\System32\WLDAP32.dll
0x00007fffcbfb0000 - 0x00007fffcbfb8000 	C:\Windows\System32\Normaliz.dll
0x00007fffcc7d0000 - 0x00007fffcc89d000 	C:\Windows\System32\OLEAUT32.dll
0x00007fffabb00000 - 0x00007fffabb0c000 	C:\xilinx\Vivado\2020.2\lib\win64.o\libboost_chrono.dll
0x00007fffcc8a0000 - 0x00007fffcc9ca000 	C:\Windows\System32\ole32.dll
0x00007fffbce00000 - 0x00007fffbd0b0000 	C:\Windows\SYSTEM32\iertutil.dll
0x00007fffcaa60000 - 0x00007fffcaac0000 	C:\Windows\System32\WINTRUST.dll
0x00007fff98390000 - 0x00007fff983b3000 	C:\xilinx\Vivado\2020.2\lib\win64.o\libisl_iosutils.dll
0x00007fff9b0c0000 - 0x00007fff9b0d6000 	C:\xilinx\Vivado\2020.2\lib\win64.o\libboost_iostreams.dll
0x00007fffbddb0000 - 0x00007fffbde60000 	C:\Windows\WinSxS\amd64_microsoft.windows.common-controls_6595b64144ccf1df_5.82.19041.844_none_423537bff6b9828c\COMCTL32.dll
0x00007fffc96e0000 - 0x00007fffc96ec000 	C:\Windows\SYSTEM32\NETUTILS.DLL
0x00007fffc1a90000 - 0x00007fffc1aad000 	C:\Windows\SYSTEM32\dhcpcsvc.DLL
0x00007fffc98e0000 - 0x00007fffc994a000 	C:\Windows\SYSTEM32\MSWSOCK.DLL
0x00007fffcb2c0000 - 0x00007fffcb2f0000 	C:\Windows\System32\IMM32.DLL
0x00007fffc9d50000 - 0x00007fffc9d62000 	C:\Windows\SYSTEM32\MSASN1.dll
0x00007fffc8120000 - 0x00007fffc8132000 	C:\Windows\SYSTEM32\kernel.appcore.dll
0x00007fff93860000 - 0x00007fff93d82000 	C:\xilinx\Vivado\2020.2\lib\win64.o\librdi_commontasks.dll
0x00007fffc3d70000 - 0x00007fffc3d7a000 	C:\Windows\SYSTEM32\VERSION.dll
0x00007fff93580000 - 0x00007fff93855000 	C:\xilinx\Vivado\2020.2\lib\win64.o\librdi_sio.dll
0x00007fffc95d0000 - 0x00007fffc960b000 	C:\Windows\SYSTEM32\IPHLPAPI.DLL
0x00007fff90f70000 - 0x00007fff91a93000 	C:\xilinx\Vivado\2020.2\tps\win64\jre11.0.2\bin\server\jvm.dll
0x00007fffcca40000 - 0x00007fffcca48000 	C:\Windows\System32\PSAPI.DLL
0x00007fffc1950000 - 0x00007fffc1977000 	C:\Windows\SYSTEM32\WINMM.dll
0x00007fffc8320000 - 0x00007fffc8ab0000 	C:\Windows\SYSTEM32\windows.storage.dll
0x00007fffc9b70000 - 0x00007fffc9b9c000 	C:\Windows\SYSTEM32\Wldp.dll
0x00007fff8e4b0000 - 0x00007fff90f6e000 	C:\xilinx\Vivado\2020.2\lib\win64.o\librdi_tcltasks.dll
0x00007fff93500000 - 0x00007fff9357e000 	C:\xilinx\Vivado\2020.2\lib\win64.o\librdi_boarddep.dll
0x00007fff92cb0000 - 0x00007fff92e63000 	C:\xilinx\Vivado\2020.2\lib\win64.o\librdi_board.dll
0x00007fff92800000 - 0x00007fff92ca6000 	C:\xilinx\Vivado\2020.2\lib\win64.o\librdi_bitstream.dll
0x00007fff92700000 - 0x00007fff927f6000 	C:\xilinx\Vivado\2020.2\lib\win64.o\librdi_chipscope.dll
0x00007fff8e2c0000 - 0x00007fff8e4aa000 	C:\xilinx\Vivado\2020.2\lib\win64.o\librdi_chipscopeimpl.dll
0x00007fff8e150000 - 0x00007fff8e2b1000 	C:\xilinx\Vivado\2020.2\lib\win64.o\librdi_containers.dll
0x00007fff8c320000 - 0x00007fff8e14c000 	C:\xilinx\Vivado\2020.2\lib\win64.o\librdi_constraints.dll
0x00007fff8bc00000 - 0x00007fff8c318000 	C:\xilinx\Vivado\2020.2\lib\win64.o\librdi_coregenipxact.dll
0x00007fff85760000 - 0x00007fff87b1d000 	C:\xilinx\Vivado\2020.2\lib\win64.o\librdi_coregen.dll
0x00007fff89e90000 - 0x00007fff8bbf1000 	C:\xilinx\Vivado\2020.2\lib\win64.o\librdi_designutils.dll
0x00007fff89b20000 - 0x00007fff89e88000 	C:\xilinx\Vivado\2020.2\lib\win64.o\librdi_dlyest.dll
0x00007fff92640000 - 0x00007fff926f3000 	C:\xilinx\Vivado\2020.2\lib\win64.o\librdi_dsp.dll
0x00007fff894c0000 - 0x00007fff89b1d000 	C:\xilinx\Vivado\2020.2\lib\win64.o\librdi_drc.dll
0x00007fff85090000 - 0x00007fff85752000 	C:\xilinx\Vivado\2020.2\lib\win64.o\librdi_filemgmt.dll
0x00007fff88bc0000 - 0x00007fff88edd000 	C:\xilinx\Vivado\2020.2\lib\win64.o\librdi_guitools.dll
0x00007fff925d0000 - 0x00007fff9263b000 	C:\xilinx\Vivado\2020.2\lib\win64.o\librdi_hdf.dll
0x00007fff84e10000 - 0x00007fff85087000 	C:\xilinx\Vivado\2020.2\lib\win64.o\librdi_hip_devdesign.dll
0x00007fff89370000 - 0x00007fff894b7000 	C:\xilinx\Vivado\2020.2\lib\win64.o\librdi_hip_perf_analysis.dll
0x00007fff83230000 - 0x00007fff84e04000 	C:\xilinx\Vivado\2020.2\lib\win64.o\librdi_implflow.dll
0x00007fff92360000 - 0x00007fff923d2000 	C:\xilinx\Vivado\2020.2\lib\win64.o\librdi_memoryarray.dll
0x00007fff82be0000 - 0x00007fff8322c000 	C:\xilinx\Vivado\2020.2\lib\win64.o\librdi_memdata.dll
0x00007fff80060000 - 0x00007fff8078c000 	C:\xilinx\Vivado\2020.2\lib\win64.o\librdi_netlist.dll
0x00007fff89310000 - 0x00007fff89364000 	C:\xilinx\Vivado\2020.2\lib\win64.o\librdi_pfi.dll
0x00007fff80790000 - 0x00007fff82bd4000 	C:\xilinx\Vivado\2020.2\lib\win64.o\librdi_mig.dll
0x00007fff7cab0000 - 0x00007fff7ce4e000 	C:\xilinx\Vivado\2020.2\lib\win64.o\librdi_platform.dll
0x00007fff7ce50000 - 0x00007fff80057000 	C:\xilinx\Vivado\2020.2\lib\win64.o\librdi_place.dll
0x00007fff7bc10000 - 0x00007fff7c284000 	C:\xilinx\Vivado\2020.2\lib\win64.o\librdi_project.dll
0x00007fff7c290000 - 0x00007fff7caa7000 	C:\xilinx\Vivado\2020.2\lib\win64.o\librdi_power.dll
0x00007fff7b400000 - 0x00007fff7bc0c000 	C:\xilinx\Vivado\2020.2\lib\win64.o\librdi_rsb.dll
0x00007fff7a7a0000 - 0x00007fff7accb000 	C:\xilinx\Vivado\2020.2\lib\win64.o\librdi_runs.dll
0x00007fff7acd0000 - 0x00007fff7b3f2000 	C:\xilinx\Vivado\2020.2\lib\win64.o\librdi_psta.dll
0x00007fff88ab0000 - 0x00007fff88bb9000 	C:\xilinx\Vivado\2020.2\lib\win64.o\librdi_runsbase.dll
0x00007fff7a520000 - 0x00007fff7a794000 	C:\xilinx\Vivado\2020.2\lib\win64.o\librdi_simdata.dll
0x00007fff79590000 - 0x00007fff7a511000 	C:\xilinx\Vivado\2020.2\lib\win64.o\librdi_timing.dll
0x00007fff60e90000 - 0x00007fff60fa6000 	C:\xilinx\Vivado\2020.2\lib\win64.o\librdi_xhub.dll
0x00007fff88a00000 - 0x00007fff88aa7000 	C:\xilinx\Vivado\2020.2\lib\win64.o\librdi_xhubtasks.dll
0x00007fff60ca0000 - 0x00007fff60e8b000 	C:\xilinx\Vivado\2020.2\lib\win64.o\librdi_advchipscopeimpl.dll
0x00007fff60fb0000 - 0x00007fff7958f000 	C:\xilinx\Vivado\2020.2\lib\win64.o\librdi_device.dll
0x00007fff93080000 - 0x00007fff930c7000 	C:\xilinx\Vivado\2020.2\lib\win64.o\libboost_serialization.dll
0x00007fff892a0000 - 0x00007fff8930a000 	C:\xilinx\Vivado\2020.2\lib\win64.o\librdi_noc_frameworks.dll
0x00007fff60bb0000 - 0x00007fff60c9b000 	C:\xilinx\Vivado\2020.2\lib\win64.o\librdi_ipconfig_readwrite.dll
0x00007fff60b60000 - 0x00007fff60ba6000 	C:\xilinx\Vivado\2020.2\lib\win64.o\libboost_graph.dll
0x00007fff60a90000 - 0x00007fff60b56000 	C:\xilinx\Vivado\2020.2\lib\win64.o\librdi_bda.dll
0x00007fff60020000 - 0x00007fff6031b000 	C:\xilinx\Vivado\2020.2\lib\win64.o\librdi_hip_config.dll
0x00007fff60320000 - 0x00007fff60a87000 	C:\xilinx\Vivado\2020.2\lib\win64.o\librdi_ippcw.dll
0x00007fff5fad0000 - 0x00007fff6001e000 	C:\xilinx\Vivado\2020.2\lib\win64.o\librdi_xdm.dll

dbghelp: loaded successfully - version: 4.0.5 - missing functions: none
symbol engine: initialized successfully - sym options: 0x614 - pdb path: .;C:\xilinx\Vivado\2020.2\bin\unwrapped\win64.o;C:\Windows\SYSTEM32;C:\xilinx\Vivado\2020.2\lib\win64.o;C:\Windows\WinSxS\amd64_microsoft.windows.common-controls_6595b64144ccf1df_5.82.19041.844_none_423537bff6b9828c;C:\xilinx\Vivado\2020.2\tps\win64\jre11.0.2\bin\server;C:\xilinx\Vivado\2020.2\tps\win64\python-3.8.3;C:\xilinx\Vivado\2020.2\tps\win64\jre11.0.2\bin;C:\Windows\WinSxS\amd64_microsoft.windows.common-controls_6595b64144ccf1df_6.0.19041.844_none_ca00b6081b84eb1d;C:\Program Files\National Instruments\Shared\mDNS Responder

VM Arguments:
jvm_args: -Dsun.java2d.pmoffscreen=false -Dhttps.protocols=TLSv1,TLSv1.1,TLSv1.2 -Dsun.java2d.xrender=false -Dsun.java2d.d3d=false -Dsun.awt.nopixfmt=true -Dsun.java2d.dpiaware=true -Dsun.java2d.uiScale.enabled=false -Xverify:none -Dswing.aatext=true -XX:-UsePerfData -Djdk.map.althashing.threshold=512 -XX:StringTableSize=4072 --add-opens=java.base/java.nio=ALL-UNNAMED --add-opens=java.desktop/sun.swing=ALL-UNNAMED --add-opens=java.desktop/javax.swing=ALL-UNNAMED --add-opens=java.desktop/javax.swing.tree=ALL-UNNAMED --add-opens=java.desktop/javax.swing.plaf.basic=ALL-UNNAMED --add-opens=java.desktop/javax.swing.plaf.synth=ALL-UNNAMED --add-opens=java.desktop/com.sun.awt=ALL-UNNAMED -XX:NewSize=60m -XX:MaxNewSize=60m -Xms128m -Xmx3072m -Xss5m 
java_command: <unknown>
java_class_path (initial): C:/xilinx/Vivado/2020.2\lib\classes\alloy.jar;C:/xilinx/Vivado/2020.2\lib\classes\ArchiveSummary.jar;C:/xilinx/Vivado/2020.2\lib\classes\autoesl-models.jar;C:/xilinx/Vivado/2020.2\lib\classes\autopilot.scelaborator.jar;C:/xilinx/Vivado/2020.2\lib\classes\autopilot.sourceprocessor.jar;C:/xilinx/Vivado/2020.2\lib\classes\autopilot.tbprocessor.jar;C:/xilinx/Vivado/2020.2\lib\classes\batik-anim.jar;C:/xilinx/Vivado/2020.2\lib\classes\batik-awt-util.jar;C:/xilinx/Vivado/2020.2\lib\classes\batik-bridge.jar;C:/xilinx/Vivado/2020.2\lib\classes\batik-codec.jar;C:/xilinx/Vivado/2020.2\lib\classes\batik-css.jar;C:/xilinx/Vivado/2020.2\lib\classes\batik-dom.jar;C:/xilinx/Vivado/2020.2\lib\classes\batik-ext.jar;C:/xilinx/Vivado/2020.2\lib\classes\batik-gui-util.jar;C:/xilinx/Vivado/2020.2\lib\classes\batik-gvt.jar;C:/xilinx/Vivado/2020.2\lib\classes\batik-parser.jar;C:/xilinx/Vivado/2020.2\lib\classes\batik-script.jar;C:/xilinx/Vivado/2020.2\lib\classes\batik-svg-dom.jar;C:/xilinx/Vivado/2020.2\lib\classes\batik-swing.jar;C:/xilinx/Vivado/2020.2\lib\classes\batik-transcoder.jar;C:/xilinx/Vivado/2020.2\lib\classes\batik-util.jar;C:/xilinx/Vivado/2020.2\lib\classes\batik-xml.jar;C:/xilinx/Vivado/2020.2\lib\classes\com.google.gson_2.8.2.v20180104-1110.jar;C:/xilinx/Vivado/2020.2\lib\classes\com.google.guava_27.1.0.v20190517-1946.jar;C:/xilinx/Vivado/2020.2\lib\classes\com.ibm.icu_4.4.2.v20110208.jar;C:/xilinx/Vivado/2020.2\lib\classes\com.sigasi.hdt.connection_4.9.0.202009050929.jar;C:/xilinx/Vivado/2020.2\lib\classes\com.sigasi.hdt.epl_4.9.0.202009050929.jar;C:/xilinx/Vivado/2020.2\lib\classes\com.sigasi.hdt.project_4.9.0.202009050929.jar;C:/xilinx/Vivado/2020.2\lib\classes\com.sigasi.hdt.readonlyfilesystem_4.9.0.202009050929.jar;C:/xilinx/Vivado/2020.2\lib\classes\com.sigasi.lcm_4.9.0.202009050929.jar;C:/xilinx/Vivado/2020.2\lib\classes\com.sigasi.sdk.client_4.9.0.202009050929.jar;C:/xilinx/Vivado/2020.2\lib\classes\com.xilinx.hls.services.jar;C:/xili
Launcher Type: generic

[Global flags]
     bool BytecodeVerificationLocal                = false                                     {product} {command line}
     bool BytecodeVerificationRemote               = false                                     {product} {command line}
     intx CICompilerCount                          = 4                                         {product} {ergonomic}
     uint ConcGCThreads                            = 2                                         {product} {ergonomic}
     uint G1ConcRefinementThreads                  = 8                                         {product} {ergonomic}
   size_t G1HeapRegionSize                         = 1048576                                   {product} {ergonomic}
    uintx GCDrainStackTargetSize                   = 64                                        {product} {ergonomic}
   size_t InitialHeapSize                          = 134217728                                 {product} {command line}
   size_t MarkStackSize                            = 4194304                                   {product} {ergonomic}
   size_t MaxHeapSize                              = 3221225472                                {product} {command line}
   size_t MaxNewSize                               = 62914560                                  {product} {command line}
   size_t MinHeapDeltaBytes                        = 1048576                                   {product} {ergonomic}
   size_t NewSize                                  = 62914560                                  {product} {command line}
    uintx NonNMethodCodeHeapSize                   = 5835340                                {pd product} {ergonomic}
    uintx NonProfiledCodeHeapSize                  = 122911450                              {pd product} {ergonomic}
    uintx ProfiledCodeHeapSize                     = 122911450                              {pd product} {ergonomic}
    uintx ReservedCodeCacheSize                    = 251658240                              {pd product} {ergonomic}
     bool SegmentedCodeCache                       = true                                      {product} {ergonomic}
    uintx StringTableSize                          = 4072                                      {product} {command line}
     intx ThreadStackSize                          = 5120                                   {pd product} {command line}
     bool UseCompressedClassPointers               = true                                 {lp64_product} {ergonomic}
     bool UseCompressedOops                        = true                                 {lp64_product} {ergonomic}
     bool UseG1GC                                  = true                                      {product} {ergonomic}
     bool UseLargePagesIndividualAllocation        = false                                  {pd product} {ergonomic}
     bool UsePerfData                              = false                                     {product} {command line}

Logging:
Log output configuration:
 #0: stdout all=warning uptime,level,tags
 #1: stderr all=off uptime,level,tags

Environment Variables:
PATH=C:/xilinx/Vivado/2020.2\gnuwin\bin;C:/xilinx/Vivado/2020.2\gnu\microblaze\nt\bin;C:/xilinx/Vivado/2020.2/bin;C:/xilinx/Vivado/2020.2/tps/win64/javafx-sdk-11.0.2/lib;C:/xilinx/Vivado/2020.2/tps/win64/javafx-sdk-11.0.2/bin;C:/xilinx/Vivado/2020.2/lib/win64.o;C:/xilinx/Vivado/2020.2/tps/win64/jre11.0.2/bin/server;C:/xilinx/Vivado/2020.2/tps/win64/jre11.0.2/bin;C:/xilinx/Vivado/2020.2/ids_lite/ISE/bin/nt64;C:/xilinx/Vivado/2020.2/ids_lite/ISE/lib/nt64;C:/xilinx/Vitis_HLS/2020.2/bin;C:\Windows\system32;C:\Windows;C:\Windows\System32\Wbem;C:\Windows\System32\WindowsPowerShell\v1.0\;C:\Windows\System32\OpenSSH\;C:\Users\Sree Anjan\AppData\Local\Microsoft\WindowsApps;C:\Users\Sree Anjan\Downloads\opencv\build\x64\vc15\bin;;C:/xilinx/Vivado/2020.2\tps\mingw\6.2.0\win64.o\nt\bin;C:/xilinx/Vivado/2020.2\tps\mingw\6.2.0\win64.o\nt\libexec\gcc\x86_64-w64-mingw32\6.2.0;C:/xilinx/Vivado/2020.2\tps\win64\python-3.8.3;C:/xilinx/Vivado/2020.2\tps\win64\python-3.8.3\bin;C:/xilinx/Vivado/2020.2\tps\win64\python-3.8.3\lib;C:/xilinx/Vivado/2020.2\tps\win64\python-3.8.3\lib\site-packages
USERNAME=Sree Anjan
OS=Windows_NT
PROCESSOR_IDENTIFIER=AMD64 Family 23 Model 24 Stepping 1, AuthenticAMD



---------------  S Y S T E M  ---------------

OS: Windows 10 , 64 bit Build 19041 (10.0.19041.928)

CPU:total 8 (initial active 8) (8 cores per cpu, 2 threads per core) family 23 model 24 stepping 1, cmov, cx8, fxsr, mmx, sse, sse2, sse3, ssse3, sse4.1, sse4.2, popcnt, avx, avx2, aes, clmul, mmxext, 3dnowpref, lzcnt, sse4a, ht, tsc, tscinvbit, tscinv, bmi1, bmi2, adx, sha, fma

Memory: 4k page, system-wide physical 7997M (4212M free)
TotalPageFile size 10301M (AvailPageFile size 4425M)
current process WorkingSet (physical memory assigned to process): 625M, peak: 1031M
current process commit charge ("private bytes"): 1054M, peak: 1071M

vm_info: OpenJDK 64-Bit Server VM (11.0.2+9) for windows-amd64 JRE (11.0.2+9), built on Jan 18 2019 05:23:22 by "mach5one" with MS VC++ 15.5 (VS2017)

END.
